#
# A fatal error has been detected by the Java Runtime Environment:
#
#  SIGSEGV (0xb) at pc=0x0000000112554c41, pid=1137, tid=775
#
# JRE version: OpenJDK Runtime Environment (16.0.1+9) (build 16.0.1+9-24)
# Java VM: OpenJDK 64-Bit Server VM (16.0.1+9-24, mixed mode, sharing, tiered, compressed oops, compressed class ptrs, g1 gc, bsd-amd64)
# Problematic frame:
# C  [libglass.dylib+0x9c41]  -[GlassApplication applicationWillHide:]+0xd1
#
# No core dump will be written. Core dumps have been disabled. To enable core dumping, try "ulimit -c unlimited" before starting Java again
#
# If you would like to submit a bug report, please visit:
#   https://bugreport.java.com/bugreport/crash.jsp
#

---------------  S U M M A R Y ------------

Command Line: -Dfile.encoding=UTF-8 -Duser.country=US -Duser.language=en -Duser.variant -ea matt.v1.V1MainKt

Host: MacBookPro11,1 x86_64 2600 MHz, 4 cores, 8G, Darwin 20.3.0, macOS 10.16 (20D74)
Time: Sun May  9 15:05:39 2021 EDT elapsed time: 2.882195 seconds (0d 0h 0m 2s)

---------------  T H R E A D  ---------------

Current thread is native thread

Stack: [0x00007ffee10d5000,0x00007ffee18d5000],  sp=0x00007ffee18cf4a0,  free space=8169k
Native frames: (J=compiled Java code, A=aot compiled Java code, j=interpreted, Vv=VM code, C=native code)
C  [libglass.dylib+0x9c41]  -[GlassApplication applicationWillHide:]+0xd1
C  [CoreFoundation+0x76fec]  __CFNOTIFICATIONCENTER_IS_CALLING_OUT_TO_AN_OBSERVER__+0xc
C  [CoreFoundation+0x11289b]  ___CFXRegistrationPost_block_invoke+0x31
C  [CoreFoundation+0x11280f]  _CFXRegistrationPost+0x1c6
C  [CoreFoundation+0x47bde]  _CFXNotificationPost+0x2d3
C  [Foundation+0x9abe]  -[NSNotificationCenter postNotificationName:object:userInfo:]+0x3b
C  [AppKit+0x2d71a9]  -[NSApplication _doHideMaybeFakingIt:]+0x118
C  [AppKit+0x250706]  _hideShowHandler+0x8a
C  [HIToolbox+0xa400]  DispatchEventToHandlers(EventTargetRec*, OpaqueEventRef*, HandlerCallRec*)+0x597
C  [HIToolbox+0x97d9]  SendEventToEventTargetInternal(OpaqueEventRef*, OpaqueEventTargetRef*, HandlerCallRec*)+0x149
C  [HIToolbox+0x1f0ea]  SendEventToEventTarget+0x27
C  [AppKit+0x3ed38]  _DPSNextEvent+0x6fa
C  [AppKit+0x3d177]  -[NSApplication(NSEvent) _nextEventMatchingEventMask:untilDate:inMode:dequeue:]+0x556
C  [AppKit+0x2f68a]  -[NSApplication run]+0x24a
C  [libosxapp.dylib+0x2739]  +[NSApplicationAWT runAWTLoopWithApp:]+0xb9
C  [libawt_lwawt.dylib+0x3c921]  +[AWTStarter starter:headless:]+0x3f1
C  [JavaNativeFoundation+0x970f]  +[JNFRunLoop _performCopiedBlock:]+0xf
C  [Foundation+0x804d9]  __NSThreadPerformPerform+0xcc
C  [CoreFoundation+0x81a0c]  __CFRUNLOOP_IS_CALLING_OUT_TO_A_SOURCE0_PERFORM_FUNCTION__+0x11
C  [CoreFoundation+0x81974]  __CFRunLoopDoSource0+0xb4
C  [CoreFoundation+0x816ef]  __CFRunLoopDoSources0+0xf8
C  [CoreFoundation+0x80121]  __CFRunLoopRun+0x37a
C  [CoreFoundation+0x7f6ce]  CFRunLoopRunSpecific+0x233
C  [libjli.dylib+0x6d12]  CreateExecutionEnvironment+0x192
C  [libjli.dylib+0x2745]  JLI_Launch+0x5d5
C  [java+0xc0e]  main+0x19e
C  [libdyld.dylib+0x15621]  start+0x1


siginfo: si_signo: 11 (SIGSEGV), si_code: 1 (SEGV_MAPERR), si_addr: 0x0000000000000000

Registers:
RAX=0x00007fb1a7d1cc40, RBX=0x0000000000000000, RCX=0x00007fb1a800a088, RDX=0x0000000000000000
RSP=0x00007ffee18cf4a0, RBP=0x00007ffee18cf8d0, RSI=0x00007fb1a800a000, RDI=0x00007fb1a800a080
R8 =0x0000000000000000, R9 =0x00007fff8864de50, R10=0x00007fff8864b138, R11=0x00007fff213ff6dc
R12=0x00007fff2045ad00, R13=0x00007fb1a9536e00, R14=0x00007fb1a7e87090, R15=0x00007fb1a7d1cc40
RIP=0x0000000112554c41, EFLAGS=0x0000000000010206, ERR=0x0000000000000004
  TRAPNO=0x000000000000000e

Top of Stack: (sp=0x00007ffee18cf4a0)
0x00007ffee18cf4a0:   0000000112554be5 00007fff206abfec
0x00007ffee18cf4b0:   00007fff2074789b 00007fff2074780f
0x00007ffee18cf4c0:   00007fff2067cbde 00007fff213ebabe
0x00007ffee18cf4d0:   00007fff2316d1a9 00007fff230e6706
0x00007ffee18cf4e0:   00007fff28915400 00007fff289147d9
0x00007ffee18cf4f0:   00007fff2892a0ea 00007fff22ed4d38
0x00007ffee18cf500:   00007fff22ed3177 00007fff22ec568a
0x00007ffee18cf510:   000000013822e739 00000001381b8921
0x00007ffee18cf520:   00007fff6f9b170f 00007fff214624d9
0x00007ffee18cf530:   00007fff206b6a0c 00007fff206b6974
0x00007ffee18cf540:   00007fff206b66ef 00007fff206b5121
0x00007ffee18cf550:   00007fff206b46ce 000000010e33ed12
0x00007ffee18cf560:   000000010e33a745 000000010e32bc0e
0x00007ffee18cf570:   00007fff205d9621 0000000000000009
0x00007ffee18cf580:   00007fb1aaf00000 000000010e351080
0x00007ffee18cf590:   000000010e354400 0000000000000001
0x00007ffee18cf5a0:   000000010e354400 0000000000000002
0x00007ffee18cf5b0:   000000010e351080 00007fb1aaf00000
0x00007ffee18cf5c0:   00007ffee18cf630 00007fff203e91f9
0x00007ffee18cf5d0:   00007ffe00000000 00007fff203e795e
0x00007ffee18cf5e0:   00007fb1aaf00000 00000000a7eabbb0
0x00007ffee18cf5f0:   00007ffee18cf630 00007fff203e000c
0x00007ffee18cf600:   00007fb1aaf2d380 00007fb1aaf2cfd0
0x00007ffee18cf610:   00007ffee18cf6f8 00000000c2000000
0x00007ffee18cf620:   00007fb1aaf2cfd0 00007fb1a7eabbb0
0x00007ffee18cf630:   00007ffee18cf7d0 00007fff2897d0de
0x00007ffee18cf640:   00007fb1a7cebb10 0000000131418d98
0x00007ffee18cf650:   0000000000000000 00007fff88bf7d00
0x00007ffee18cf660:   00000000c2000000 00007fff28b727c6
0x00007ffee18cf670:   00007fff89261aa8 00007fb1a7eabbb0
0x00007ffee18cf680:   0000000000000013 0000000000000000
0x00007ffee18cf690:   00007ffee18cf730 00007fff2063d6be 

Instructions: (pc=0x0000000112554c41)
0x0000000112554b41:   8b 05 e1 f5 02 00 48 8b 00 48 3b 45 d0 75 12 48
0x0000000112554b51:   81 c4 08 04 00 00 5b 41 5c 41 5d 41 5e 41 5f 5d
0x0000000112554b61:   c3 e8 e7 41 02 00 66 0f 1f 84 00 00 00 00 00 55
0x0000000112554b71:   48 89 e5 41 57 41 56 41 55 41 54 53 48 81 ec 08
0x0000000112554b81:   04 00 00 49 89 fe 48 8b 05 9a f5 02 00 48 8b 00
0x0000000112554b91:   48 89 45 d0 4c 8d 25 3c 92 03 00 49 8b 1c 24 48
0x0000000112554ba1:   85 db 75 79 48 8b 05 84 f5 02 00 48 8b 38 48 8d
0x0000000112554bb1:   35 c4 91 02 00 48 8d 15 1a 9c 02 00 48 8d 0d 3a
0x0000000112554bc1:   9a 02 00 41 b8 42 01 00 00 31 c0 e8 d1 41 02 00
0x0000000112554bd1:   48 8d 9d d0 fb ff ff 48 89 df be 80 00 00 00 e8
0x0000000112554be1:   87 41 02 00 41 89 c7 48 89 df 89 c6 e8 80 41 02
0x0000000112554bf1:   00 49 89 c5 45 85 ff 7e 18 45 89 ff 31 db 90 49
0x0000000112554c01:   8b 7c dd 00 e8 42 43 02 00 48 ff c3 49 39 df 75
0x0000000112554c11:   ee 4c 89 ef e8 94 41 02 00 49 8b 1c 24 48 8b 3d
0x0000000112554c21:   db 80 03 00 e8 80 42 02 00 48 8b 35 17 6f 03 00
0x0000000112554c31:   4c 8b 25 40 f5 02 00 48 89 c7 41 ff d4 49 89 c7
0x0000000112554c41:   48 8b 03 4c 8b a8 e8 01 00 00 4d 8b 76 10 48 8b
0x0000000112554c51:   3d ea 80 03 00 48 8b 35 cb 73 03 00 41 ff d4 48
0x0000000112554c61:   89 df 4c 89 f6 48 89 c2 31 c0 41 ff d5 48 8b 35
0x0000000112554c71:   eb 6e 03 00 4c 89 ff 41 ff d4 48 8b 03 48 89 df
0x0000000112554c81:   ff 50 78 48 85 c0 74 42 49 89 c6 48 8b 03 48 89
0x0000000112554c91:   df ff 90 88 00 00 00 4c 8b 03 48 8d 05 3e 91 03
0x0000000112554ca1:   00 48 8b 30 48 8d 05 9c 92 03 00 48 8b 50 50 48
0x0000000112554cb1:   89 df 4c 89 f1 31 c0 41 ff 90 68 04 00 00 48 8b
0x0000000112554cc1:   03 48 89 df ff 90 88 00 00 00 48 8b 05 56 f4 02
0x0000000112554cd1:   00 48 8b 00 48 3b 45 d0 75 12 48 81 c4 08 04 00
0x0000000112554ce1:   00 5b 41 5c 41 5d 41 5e 41 5f 5d c3 e8 5c 40 02
0x0000000112554cf1:   00 66 2e 0f 1f 84 00 00 00 00 00 0f 1f 40 00 55
0x0000000112554d01:   48 89 e5 41 57 41 56 41 55 41 54 53 48 81 ec 08
0x0000000112554d11:   04 00 00 49 89 fe 48 8b 05 0a f4 02 00 48 8b 00
0x0000000112554d21:   48 89 45 d0 4c 8d 25 ac 90 03 00 49 8b 1c 24 48
0x0000000112554d31:   85 db 75 79 48 8b 05 f4 f3 02 00 48 8b 38 48 8d 



---------------  P R O C E S S  ---------------

VM state: not at safepoint (normal execution)

VM Mutex/Monitor currently owned by a thread: None

Heap address: 0x0000000780000000, size: 2048 MB, Compressed Oops mode: Zero based, Oop shift amount: 3

CDS archive(s) mapped at: [0x0000000800000000-0x0000000800bb9000-0x0000000800bb9000), size 12292096, SharedBaseAddress: 0x0000000800000000, ArchiveRelocationMode: 0.
Compressed class space mapped at: 0x0000000800c00000-0x0000000840c00000, reserved size: 1073741824
Narrow klass base: 0x0000000800000000, Narrow klass shift: 3, Narrow klass range: 0x100000000

GC Precious Log:
<Skipped>

Heap:
 garbage-first heap   total 133120K, used 11884K [0x0000000780000000, 0x0000000800000000)
  region size 1024K, 9 young (9216K), 3 survivors (3072K)
 Metaspace       used 10877K, committed 11008K, reserved 1064960K
  class space    used 1364K, committed 1408K, reserved 1048576K

Heap Regions: E=young(eden), S=young(survivor), O=old, HS=humongous(starts), HC=humongous(continues), CS=collection set, F=free, OA=open archive, CA=closed archive, TAMS=top-at-mark-start (previous, next)
|   0|0x0000000780000000, 0x0000000780100000, 0x0000000780100000|100%| O|  |TAMS 0x0000000780000000, 0x0000000780000000| Untracked 
|   1|0x0000000780100000, 0x00000007801bb600, 0x0000000780200000| 73%| O|  |TAMS 0x0000000780100000, 0x0000000780100000| Untracked 
|   2|0x0000000780200000, 0x0000000780200000, 0x0000000780300000|  0%| F|  |TAMS 0x0000000780200000, 0x0000000780200000| Untracked 
|   3|0x0000000780300000, 0x0000000780300000, 0x0000000780400000|  0%| F|  |TAMS 0x0000000780300000, 0x0000000780300000| Untracked 
|   4|0x0000000780400000, 0x0000000780400000, 0x0000000780500000|  0%| F|  |TAMS 0x0000000780400000, 0x0000000780400000| Untracked 
|   5|0x0000000780500000, 0x0000000780500000, 0x0000000780600000|  0%| F|  |TAMS 0x0000000780500000, 0x0000000780500000| Untracked 
|   6|0x0000000780600000, 0x0000000780600000, 0x0000000780700000|  0%| F|  |TAMS 0x0000000780600000, 0x0000000780600000| Untracked 
|   7|0x0000000780700000, 0x0000000780700000, 0x0000000780800000|  0%| F|  |TAMS 0x0000000780700000, 0x0000000780700000| Untracked 
|   8|0x0000000780800000, 0x0000000780800000, 0x0000000780900000|  0%| F|  |TAMS 0x0000000780800000, 0x0000000780800000| Untracked 
|   9|0x0000000780900000, 0x0000000780900000, 0x0000000780a00000|  0%| F|  |TAMS 0x0000000780900000, 0x0000000780900000| Untracked 
|  10|0x0000000780a00000, 0x0000000780a00000, 0x0000000780b00000|  0%| F|  |TAMS 0x0000000780a00000, 0x0000000780a00000| Untracked 
|  11|0x0000000780b00000, 0x0000000780b00000, 0x0000000780c00000|  0%| F|  |TAMS 0x0000000780b00000, 0x0000000780b00000| Untracked 
|  12|0x0000000780c00000, 0x0000000780c00000, 0x0000000780d00000|  0%| F|  |TAMS 0x0000000780c00000, 0x0000000780c00000| Untracked 
|  13|0x0000000780d00000, 0x0000000780d00000, 0x0000000780e00000|  0%| F|  |TAMS 0x0000000780d00000, 0x0000000780d00000| Untracked 
|  14|0x0000000780e00000, 0x0000000780e00000, 0x0000000780f00000|  0%| F|  |TAMS 0x0000000780e00000, 0x0000000780e00000| Untracked 
|  15|0x0000000780f00000, 0x0000000780f00000, 0x0000000781000000|  0%| F|  |TAMS 0x0000000780f00000, 0x0000000780f00000| Untracked 
|  16|0x0000000781000000, 0x0000000781000000, 0x0000000781100000|  0%| F|  |TAMS 0x0000000781000000, 0x0000000781000000| Untracked 
|  17|0x0000000781100000, 0x0000000781100000, 0x0000000781200000|  0%| F|  |TAMS 0x0000000781100000, 0x0000000781100000| Untracked 
|  18|0x0000000781200000, 0x0000000781200000, 0x0000000781300000|  0%| F|  |TAMS 0x0000000781200000, 0x0000000781200000| Untracked 
|  19|0x0000000781300000, 0x0000000781300000, 0x0000000781400000|  0%| F|  |TAMS 0x0000000781300000, 0x0000000781300000| Untracked 
|  20|0x0000000781400000, 0x0000000781400000, 0x0000000781500000|  0%| F|  |TAMS 0x0000000781400000, 0x0000000781400000| Untracked 
|  21|0x0000000781500000, 0x0000000781500000, 0x0000000781600000|  0%| F|  |TAMS 0x0000000781500000, 0x0000000781500000| Untracked 
|  22|0x0000000781600000, 0x0000000781600000, 0x0000000781700000|  0%| F|  |TAMS 0x0000000781600000, 0x0000000781600000| Untracked 
|  23|0x0000000781700000, 0x0000000781700000, 0x0000000781800000|  0%| F|  |TAMS 0x0000000781700000, 0x0000000781700000| Untracked 
|  24|0x0000000781800000, 0x0000000781800000, 0x0000000781900000|  0%| F|  |TAMS 0x0000000781800000, 0x0000000781800000| Untracked 
|  25|0x0000000781900000, 0x0000000781900000, 0x0000000781a00000|  0%| F|  |TAMS 0x0000000781900000, 0x0000000781900000| Untracked 
|  26|0x0000000781a00000, 0x0000000781a00000, 0x0000000781b00000|  0%| F|  |TAMS 0x0000000781a00000, 0x0000000781a00000| Untracked 
|  27|0x0000000781b00000, 0x0000000781b00000, 0x0000000781c00000|  0%| F|  |TAMS 0x0000000781b00000, 0x0000000781b00000| Untracked 
|  28|0x0000000781c00000, 0x0000000781c00000, 0x0000000781d00000|  0%| F|  |TAMS 0x0000000781c00000, 0x0000000781c00000| Untracked 
|  29|0x0000000781d00000, 0x0000000781d00000, 0x0000000781e00000|  0%| F|  |TAMS 0x0000000781d00000, 0x0000000781d00000| Untracked 
|  30|0x0000000781e00000, 0x0000000781e00000, 0x0000000781f00000|  0%| F|  |TAMS 0x0000000781e00000, 0x0000000781e00000| Untracked 
|  31|0x0000000781f00000, 0x0000000781f00000, 0x0000000782000000|  0%| F|  |TAMS 0x0000000781f00000, 0x0000000781f00000| Untracked 
|  32|0x0000000782000000, 0x0000000782000000, 0x0000000782100000|  0%| F|  |TAMS 0x0000000782000000, 0x0000000782000000| Untracked 
|  33|0x0000000782100000, 0x0000000782100000, 0x0000000782200000|  0%| F|  |TAMS 0x0000000782100000, 0x0000000782100000| Untracked 
|  34|0x0000000782200000, 0x0000000782200000, 0x0000000782300000|  0%| F|  |TAMS 0x0000000782200000, 0x0000000782200000| Untracked 
|  35|0x0000000782300000, 0x0000000782300000, 0x0000000782400000|  0%| F|  |TAMS 0x0000000782300000, 0x0000000782300000| Untracked 
|  36|0x0000000782400000, 0x0000000782400000, 0x0000000782500000|  0%| F|  |TAMS 0x0000000782400000, 0x0000000782400000| Untracked 
|  37|0x0000000782500000, 0x0000000782500000, 0x0000000782600000|  0%| F|  |TAMS 0x0000000782500000, 0x0000000782500000| Untracked 
|  38|0x0000000782600000, 0x0000000782600000, 0x0000000782700000|  0%| F|  |TAMS 0x0000000782600000, 0x0000000782600000| Untracked 
|  39|0x0000000782700000, 0x0000000782700000, 0x0000000782800000|  0%| F|  |TAMS 0x0000000782700000, 0x0000000782700000| Untracked 
|  40|0x0000000782800000, 0x0000000782800000, 0x0000000782900000|  0%| F|  |TAMS 0x0000000782800000, 0x0000000782800000| Untracked 
|  41|0x0000000782900000, 0x0000000782900000, 0x0000000782a00000|  0%| F|  |TAMS 0x0000000782900000, 0x0000000782900000| Untracked 
|  42|0x0000000782a00000, 0x0000000782a00000, 0x0000000782b00000|  0%| F|  |TAMS 0x0000000782a00000, 0x0000000782a00000| Untracked 
|  43|0x0000000782b00000, 0x0000000782b00000, 0x0000000782c00000|  0%| F|  |TAMS 0x0000000782b00000, 0x0000000782b00000| Untracked 
|  44|0x0000000782c00000, 0x0000000782c00000, 0x0000000782d00000|  0%| F|  |TAMS 0x0000000782c00000, 0x0000000782c00000| Untracked 
|  45|0x0000000782d00000, 0x0000000782d00000, 0x0000000782e00000|  0%| F|  |TAMS 0x0000000782d00000, 0x0000000782d00000| Untracked 
|  46|0x0000000782e00000, 0x0000000782e00000, 0x0000000782f00000|  0%| F|  |TAMS 0x0000000782e00000, 0x0000000782e00000| Untracked 
|  47|0x0000000782f00000, 0x0000000782f00000, 0x0000000783000000|  0%| F|  |TAMS 0x0000000782f00000, 0x0000000782f00000| Untracked 
|  48|0x0000000783000000, 0x0000000783000000, 0x0000000783100000|  0%| F|  |TAMS 0x0000000783000000, 0x0000000783000000| Untracked 
|  49|0x0000000783100000, 0x00000007831edd20, 0x0000000783200000| 92%| S|CS|TAMS 0x0000000783100000, 0x0000000783100000| Complete 
|  50|0x0000000783200000, 0x0000000783200000, 0x0000000783300000|  0%| F|  |TAMS 0x0000000783200000, 0x0000000783200000| Untracked 
|  51|0x0000000783300000, 0x0000000783300000, 0x0000000783400000|  0%| F|  |TAMS 0x0000000783300000, 0x0000000783300000| Untracked 
|  52|0x0000000783400000, 0x0000000783500000, 0x0000000783500000|100%| S|CS|TAMS 0x0000000783400000, 0x0000000783400000| Complete 
|  53|0x0000000783500000, 0x0000000783600000, 0x0000000783600000|100%| S|CS|TAMS 0x0000000783500000, 0x0000000783500000| Complete 
|  54|0x0000000783600000, 0x0000000783600000, 0x0000000783700000|  0%| F|  |TAMS 0x0000000783600000, 0x0000000783600000| Untracked 
|  55|0x0000000783700000, 0x0000000783700000, 0x0000000783800000|  0%| F|  |TAMS 0x0000000783700000, 0x0000000783700000| Untracked 
|  56|0x0000000783800000, 0x0000000783800000, 0x0000000783900000|  0%| F|  |TAMS 0x0000000783800000, 0x0000000783800000| Untracked 
|  57|0x0000000783900000, 0x0000000783900000, 0x0000000783a00000|  0%| F|  |TAMS 0x0000000783900000, 0x0000000783900000| Untracked 
|  58|0x0000000783a00000, 0x0000000783a00000, 0x0000000783b00000|  0%| F|  |TAMS 0x0000000783a00000, 0x0000000783a00000| Untracked 
|  59|0x0000000783b00000, 0x0000000783b00000, 0x0000000783c00000|  0%| F|  |TAMS 0x0000000783b00000, 0x0000000783b00000| Untracked 
|  60|0x0000000783c00000, 0x0000000783c00000, 0x0000000783d00000|  0%| F|  |TAMS 0x0000000783c00000, 0x0000000783c00000| Untracked 
|  61|0x0000000783d00000, 0x0000000783d00000, 0x0000000783e00000|  0%| F|  |TAMS 0x0000000783d00000, 0x0000000783d00000| Untracked 
|  62|0x0000000783e00000, 0x0000000783e00000, 0x0000000783f00000|  0%| F|  |TAMS 0x0000000783e00000, 0x0000000783e00000| Untracked 
|  63|0x0000000783f00000, 0x0000000783f00000, 0x0000000784000000|  0%| F|  |TAMS 0x0000000783f00000, 0x0000000783f00000| Untracked 
|  64|0x0000000784000000, 0x0000000784000000, 0x0000000784100000|  0%| F|  |TAMS 0x0000000784000000, 0x0000000784000000| Untracked 
|  65|0x0000000784100000, 0x0000000784100000, 0x0000000784200000|  0%| F|  |TAMS 0x0000000784100000, 0x0000000784100000| Untracked 
|  66|0x0000000784200000, 0x0000000784200000, 0x0000000784300000|  0%| F|  |TAMS 0x0000000784200000, 0x0000000784200000| Untracked 
|  67|0x0000000784300000, 0x0000000784300000, 0x0000000784400000|  0%| F|  |TAMS 0x0000000784300000, 0x0000000784300000| Untracked 
|  68|0x0000000784400000, 0x0000000784400000, 0x0000000784500000|  0%| F|  |TAMS 0x0000000784400000, 0x0000000784400000| Untracked 
|  69|0x0000000784500000, 0x0000000784500000, 0x0000000784600000|  0%| F|  |TAMS 0x0000000784500000, 0x0000000784500000| Untracked 
|  70|0x0000000784600000, 0x0000000784600000, 0x0000000784700000|  0%| F|  |TAMS 0x0000000784600000, 0x0000000784600000| Untracked 
|  71|0x0000000784700000, 0x0000000784700000, 0x0000000784800000|  0%| F|  |TAMS 0x0000000784700000, 0x0000000784700000| Untracked 
|  72|0x0000000784800000, 0x0000000784800000, 0x0000000784900000|  0%| F|  |TAMS 0x0000000784800000, 0x0000000784800000| Untracked 
|  73|0x0000000784900000, 0x0000000784900000, 0x0000000784a00000|  0%| F|  |TAMS 0x0000000784900000, 0x0000000784900000| Untracked 
|  74|0x0000000784a00000, 0x0000000784a00000, 0x0000000784b00000|  0%| F|  |TAMS 0x0000000784a00000, 0x0000000784a00000| Untracked 
|  75|0x0000000784b00000, 0x0000000784b00000, 0x0000000784c00000|  0%| F|  |TAMS 0x0000000784b00000, 0x0000000784b00000| Untracked 
|  76|0x0000000784c00000, 0x0000000784c00000, 0x0000000784d00000|  0%| F|  |TAMS 0x0000000784c00000, 0x0000000784c00000| Untracked 
|  77|0x0000000784d00000, 0x0000000784d00000, 0x0000000784e00000|  0%| F|  |TAMS 0x0000000784d00000, 0x0000000784d00000| Untracked 
|  78|0x0000000784e00000, 0x0000000784e00000, 0x0000000784f00000|  0%| F|  |TAMS 0x0000000784e00000, 0x0000000784e00000| Untracked 
|  79|0x0000000784f00000, 0x0000000784f00000, 0x0000000785000000|  0%| F|  |TAMS 0x0000000784f00000, 0x0000000784f00000| Untracked 
|  80|0x0000000785000000, 0x0000000785000000, 0x0000000785100000|  0%| F|  |TAMS 0x0000000785000000, 0x0000000785000000| Untracked 
|  81|0x0000000785100000, 0x0000000785100000, 0x0000000785200000|  0%| F|  |TAMS 0x0000000785100000, 0x0000000785100000| Untracked 
|  82|0x0000000785200000, 0x0000000785200000, 0x0000000785300000|  0%| F|  |TAMS 0x0000000785200000, 0x0000000785200000| Untracked 
|  83|0x0000000785300000, 0x0000000785300000, 0x0000000785400000|  0%| F|  |TAMS 0x0000000785300000, 0x0000000785300000| Untracked 
|  84|0x0000000785400000, 0x0000000785400000, 0x0000000785500000|  0%| F|  |TAMS 0x0000000785400000, 0x0000000785400000| Untracked 
|  85|0x0000000785500000, 0x0000000785500000, 0x0000000785600000|  0%| F|  |TAMS 0x0000000785500000, 0x0000000785500000| Untracked 
|  86|0x0000000785600000, 0x0000000785600000, 0x0000000785700000|  0%| F|  |TAMS 0x0000000785600000, 0x0000000785600000| Untracked 
|  87|0x0000000785700000, 0x0000000785700000, 0x0000000785800000|  0%| F|  |TAMS 0x0000000785700000, 0x0000000785700000| Untracked 
|  88|0x0000000785800000, 0x0000000785800000, 0x0000000785900000|  0%| F|  |TAMS 0x0000000785800000, 0x0000000785800000| Untracked 
|  89|0x0000000785900000, 0x0000000785900000, 0x0000000785a00000|  0%| F|  |TAMS 0x0000000785900000, 0x0000000785900000| Untracked 
|  90|0x0000000785a00000, 0x0000000785a00000, 0x0000000785b00000|  0%| F|  |TAMS 0x0000000785a00000, 0x0000000785a00000| Untracked 
|  91|0x0000000785b00000, 0x0000000785b00000, 0x0000000785c00000|  0%| F|  |TAMS 0x0000000785b00000, 0x0000000785b00000| Untracked 
|  92|0x0000000785c00000, 0x0000000785c00000, 0x0000000785d00000|  0%| F|  |TAMS 0x0000000785c00000, 0x0000000785c00000| Untracked 
|  93|0x0000000785d00000, 0x0000000785d00000, 0x0000000785e00000|  0%| F|  |TAMS 0x0000000785d00000, 0x0000000785d00000| Untracked 
|  94|0x0000000785e00000, 0x0000000785e00000, 0x0000000785f00000|  0%| F|  |TAMS 0x0000000785e00000, 0x0000000785e00000| Untracked 
|  95|0x0000000785f00000, 0x0000000785f00000, 0x0000000786000000|  0%| F|  |TAMS 0x0000000785f00000, 0x0000000785f00000| Untracked 
|  96|0x0000000786000000, 0x0000000786000000, 0x0000000786100000|  0%| F|  |TAMS 0x0000000786000000, 0x0000000786000000| Untracked 
|  97|0x0000000786100000, 0x0000000786100000, 0x0000000786200000|  0%| F|  |TAMS 0x0000000786100000, 0x0000000786100000| Untracked 
|  98|0x0000000786200000, 0x0000000786200000, 0x0000000786300000|  0%| F|  |TAMS 0x0000000786200000, 0x0000000786200000| Untracked 
|  99|0x0000000786300000, 0x0000000786300000, 0x0000000786400000|  0%| F|  |TAMS 0x0000000786300000, 0x0000000786300000| Untracked 
| 100|0x0000000786400000, 0x0000000786400000, 0x0000000786500000|  0%| F|  |TAMS 0x0000000786400000, 0x0000000786400000| Untracked 
| 101|0x0000000786500000, 0x0000000786500000, 0x0000000786600000|  0%| F|  |TAMS 0x0000000786500000, 0x0000000786500000| Untracked 
| 102|0x0000000786600000, 0x0000000786600000, 0x0000000786700000|  0%| F|  |TAMS 0x0000000786600000, 0x0000000786600000| Untracked 
| 103|0x0000000786700000, 0x0000000786700000, 0x0000000786800000|  0%| F|  |TAMS 0x0000000786700000, 0x0000000786700000| Untracked 
| 104|0x0000000786800000, 0x0000000786800000, 0x0000000786900000|  0%| F|  |TAMS 0x0000000786800000, 0x0000000786800000| Untracked 
| 105|0x0000000786900000, 0x0000000786900000, 0x0000000786a00000|  0%| F|  |TAMS 0x0000000786900000, 0x0000000786900000| Untracked 
| 106|0x0000000786a00000, 0x0000000786a00000, 0x0000000786b00000|  0%| F|  |TAMS 0x0000000786a00000, 0x0000000786a00000| Untracked 
| 107|0x0000000786b00000, 0x0000000786b00000, 0x0000000786c00000|  0%| F|  |TAMS 0x0000000786b00000, 0x0000000786b00000| Untracked 
| 108|0x0000000786c00000, 0x0000000786c00000, 0x0000000786d00000|  0%| F|  |TAMS 0x0000000786c00000, 0x0000000786c00000| Untracked 
| 109|0x0000000786d00000, 0x0000000786d00000, 0x0000000786e00000|  0%| F|  |TAMS 0x0000000786d00000, 0x0000000786d00000| Untracked 
| 110|0x0000000786e00000, 0x0000000786e00000, 0x0000000786f00000|  0%| F|  |TAMS 0x0000000786e00000, 0x0000000786e00000| Untracked 
| 111|0x0000000786f00000, 0x0000000786f00000, 0x0000000787000000|  0%| F|  |TAMS 0x0000000786f00000, 0x0000000786f00000| Untracked 
| 112|0x0000000787000000, 0x0000000787000000, 0x0000000787100000|  0%| F|  |TAMS 0x0000000787000000, 0x0000000787000000| Untracked 
| 113|0x0000000787100000, 0x0000000787100000, 0x0000000787200000|  0%| F|  |TAMS 0x0000000787100000, 0x0000000787100000| Untracked 
| 114|0x0000000787200000, 0x0000000787200000, 0x0000000787300000|  0%| F|  |TAMS 0x0000000787200000, 0x0000000787200000| Untracked 
| 115|0x0000000787300000, 0x0000000787300000, 0x0000000787400000|  0%| F|  |TAMS 0x0000000787300000, 0x0000000787300000| Untracked 
| 116|0x0000000787400000, 0x0000000787400000, 0x0000000787500000|  0%| F|  |TAMS 0x0000000787400000, 0x0000000787400000| Untracked 
| 117|0x0000000787500000, 0x0000000787500000, 0x0000000787600000|  0%| F|  |TAMS 0x0000000787500000, 0x0000000787500000| Untracked 
| 118|0x0000000787600000, 0x0000000787600000, 0x0000000787700000|  0%| F|  |TAMS 0x0000000787600000, 0x0000000787600000| Untracked 
| 119|0x0000000787700000, 0x0000000787700000, 0x0000000787800000|  0%| F|  |TAMS 0x0000000787700000, 0x0000000787700000| Untracked 
| 120|0x0000000787800000, 0x0000000787800000, 0x0000000787900000|  0%| F|  |TAMS 0x0000000787800000, 0x0000000787800000| Untracked 
| 121|0x0000000787900000, 0x0000000787900000, 0x0000000787a00000|  0%| F|  |TAMS 0x0000000787900000, 0x0000000787900000| Untracked 
| 122|0x0000000787a00000, 0x0000000787b00000, 0x0000000787b00000|100%| E|  |TAMS 0x0000000787a00000, 0x0000000787a00000| Complete 
| 123|0x0000000787b00000, 0x0000000787c00000, 0x0000000787c00000|100%| E|CS|TAMS 0x0000000787b00000, 0x0000000787b00000| Complete 
| 124|0x0000000787c00000, 0x0000000787d00000, 0x0000000787d00000|100%| E|CS|TAMS 0x0000000787c00000, 0x0000000787c00000| Complete 
| 125|0x0000000787d00000, 0x0000000787e00000, 0x0000000787e00000|100%| E|CS|TAMS 0x0000000787d00000, 0x0000000787d00000| Complete 
| 126|0x0000000787e00000, 0x0000000787f00000, 0x0000000787f00000|100%| E|CS|TAMS 0x0000000787e00000, 0x0000000787e00000| Complete 
| 127|0x0000000787f00000, 0x0000000788000000, 0x0000000788000000|100%| E|  |TAMS 0x0000000787f00000, 0x0000000787f00000| Complete 
|1022|0x00000007bfe00000, 0x00000007bfe75000, 0x00000007bff00000| 45%|OA|  |TAMS 0x00000007bfe00000, 0x00000007bfe00000| Untracked 
|1023|0x00000007bff00000, 0x00000007bff7d000, 0x00000007c0000000| 48%|CA|  |TAMS 0x00000007bff00000, 0x00000007bff00000| Untracked 

Card table byte_map: [0x0000000111c8b000,0x000000011208b000] _byte_map_base: 0x000000010e08b000

Marking Bits (Prev, Next): (CMBitMap*) 0x00007fb1a8016c10, (CMBitMap*) 0x00007fb1a8016c50
 Prev Bits: [0x0000000128cf8000, 0x000000012acf8000)
 Next Bits: [0x000000012acf8000, 0x000000012ccf8000)

Polling page: 0x000000010e36a000

Metaspace:

Usage:
  Non-class:      9.29 MB used.
      Class:      1.33 MB used.
       Both:     10.62 MB used.

Virtual space:
  Non-class space:       16.00 MB reserved,       9.38 MB ( 59%) committed,  2 nodes.
      Class space:        1.00 GB reserved,       1.38 MB ( <1%) committed,  1 nodes.
              Both:        1.02 GB reserved,      10.75 MB (  1%) committed. 

Chunk freelists:
   Non-Class:  1.16 MB
       Class:  2.63 MB
        Both:  3.78 MB

MaxMetaspaceSize: 17179869184.00 GB
CompressedClassSpaceSize: 1.00 GB
 - commit_granule_bytes: 65536.
 - commit_granule_words: 8192.
 - virtual_space_node_default_size: 1048576.
 - enlarge_chunks_in_place: 1.
 - new_chunks_are_fully_committed: 0.
 - uncommit_free_chunks: 1.
 - use_allocation_guard: 0.
 - handle_deallocations: 1.


Internal statistics:

num_allocs_failed_limit: 0.
num_arena_births: 100.
num_arena_deaths: 0.
num_vsnodes_births: 3.
num_vsnodes_deaths: 0.
num_space_committed: 172.
num_space_uncommitted: 0.
num_chunks_returned_to_freelist: 0.
num_chunks_taken_from_freelist: 435.
num_chunk_merges: 0.
num_chunk_splits: 322.
num_chunks_enlarged: 261.
num_purges: 0.

CodeHeap 'non-profiled nmethods': size=120032Kb used=664Kb max_used=664Kb free=119367Kb
 bounds [0x00000001217c0000, 0x0000000121a30000, 0x0000000128cf8000]
CodeHeap 'profiled nmethods': size=120028Kb used=1958Kb max_used=1958Kb free=118069Kb
 bounds [0x000000011a289000, 0x000000011a4f9000, 0x00000001217c0000]
CodeHeap 'non-nmethods': size=5700Kb used=1282Kb max_used=1295Kb free=4417Kb
 bounds [0x0000000119cf8000, 0x0000000119f68000, 0x000000011a289000]
 total_blobs=1908 nmethods=1302 adapters=519
 compilation: enabled
              stopped_count=0, restarted_count=0
 full_count=0

Compilation events (20 events):
Event: 2.829 Thread 0x00007fb1a984cc00 1324       1       jdk.internal.org.objectweb.asm.ClassReader::getMaxStringLength (5 bytes)
Event: 2.829 Thread 0x00007fb1a984cc00 nmethod 1324 0x0000000121864d10 code [0x0000000121864ea0, 0x0000000121864f70]
Event: 2.830 Thread 0x00007fb1a984cc00 1325       3       java.lang.Number::<init> (5 bytes)
Event: 2.830 Thread 0x00007fb1a984cc00 nmethod 1325 0x000000011a46de90 code [0x000000011a46e040, 0x000000011a46e190]
Event: 2.830 Thread 0x00007fb1a804f200 1327       4       jdk.internal.org.objectweb.asm.SymbolTable::put (150 bytes)
Event: 2.832 Thread 0x00007fb1a984cc00 1331       3       java.lang.invoke.MethodHandles$Lookup::checkSymbolicClass (25 bytes)
Event: 2.833 Thread 0x00007fb1a984cc00 nmethod 1331 0x000000011a46e290 code [0x000000011a46e460, 0x000000011a46e6e0]
Event: 2.833 Thread 0x00007fb1a984cc00 1330       3       java.lang.invoke.MethodHandles$Lookup$ClassFile::readUnsignedShort (39 bytes)
Event: 2.833 Thread 0x00007fb1a984cc00 nmethod 1330 0x000000011a46e810 code [0x000000011a46e9c0, 0x000000011a46ebc0]
Event: 2.833 Thread 0x00007fb1a984cc00 1329       3       java.lang.invoke.MethodHandles$Lookup::hasFullPrivilegeAccess (18 bytes)
Event: 2.833 Thread 0x00007fb1a984cc00 nmethod 1329 0x000000011a46ed10 code [0x000000011a46eea0, 0x000000011a46f010]
Event: 2.833 Thread 0x00007fb1a804f200 nmethod 1327 0x0000000121865410 code [0x00000001218655a0, 0x00000001218658d8]
Event: 2.834 Thread 0x00007fb1a804f200 1328       4       jdk.internal.org.objectweb.asm.ByteVector::putShort (52 bytes)
Event: 2.835 Thread 0x00007fb1a804f200 nmethod 1328 0x0000000121865a90 code [0x0000000121865c20, 0x0000000121865d58]
Event: 2.852 Thread 0x00007fb1a984cc00 1332       3       java.lang.StringConcatHelper::simpleConcat (94 bytes)
Event: 2.854 Thread 0x00007fb1a984cc00 nmethod 1332 0x000000011a46f090 code [0x000000011a46f3c0, 0x000000011a4707f0]
Event: 2.854 Thread 0x00007fb1a984cc00 1333       3       java.lang.StringConcatHelper::initialCoder (14 bytes)
Event: 2.854 Thread 0x00007fb1a984cc00 nmethod 1333 0x000000011a470f10 code [0x000000011a4710a0, 0x000000011a4711b0]
Event: 2.855 Thread 0x00007fb1a984cc00 1334       3       java.lang.invoke.DirectMethodHandle::preparedLambdaForm (248 bytes)
Event: 2.857 Thread 0x00007fb1a984cc00 nmethod 1334 0x000000011a471210 code [0x000000011a471500, 0x000000011a4724b0]

GC Heap History (12 events):
Event: 0.393 GC heap before
{Heap before GC invocations=0 (full 0):
 garbage-first heap   total 133120K, used 13256K [0x0000000780000000, 0x0000000800000000)
  region size 1024K, 13 young (13312K), 0 survivors (0K)
 Metaspace       used 2064K, committed 2176K, reserved 1056768K
  class space    used 217K, committed 256K, reserved 1048576K
}
Event: 0.397 GC heap after
{Heap after GC invocations=1 (full 0):
 garbage-first heap   total 133120K, used 2851K [0x0000000780000000, 0x0000000800000000)
  region size 1024K, 2 young (2048K), 2 survivors (2048K)
 Metaspace       used 2064K, committed 2176K, reserved 1056768K
  class space    used 217K, committed 256K, reserved 1048576K
}
Event: 0.477 GC heap before
{Heap before GC invocations=1 (full 0):
 garbage-first heap   total 133120K, used 21283K [0x0000000780000000, 0x0000000800000000)
  region size 1024K, 20 young (20480K), 2 survivors (2048K)
 Metaspace       used 2159K, committed 2304K, reserved 1056768K
  class space    used 217K, committed 256K, reserved 1048576K
}
Event: 0.480 GC heap after
{Heap after GC invocations=2 (full 0):
 garbage-first heap   total 133120K, used 2949K [0x0000000780000000, 0x0000000800000000)
  region size 1024K, 1 young (1024K), 1 survivors (1024K)
 Metaspace       used 2159K, committed 2304K, reserved 1056768K
  class space    used 217K, committed 256K, reserved 1048576K
}
Event: 0.791 GC heap before
{Heap before GC invocations=2 (full 0):
 garbage-first heap   total 133120K, used 79749K [0x0000000780000000, 0x0000000800000000)
  region size 1024K, 76 young (77824K), 1 survivors (1024K)
 Metaspace       used 3309K, committed 3456K, reserved 1056768K
  class space    used 338K, committed 384K, reserved 1048576K
}
Event: 0.794 GC heap after
{Heap after GC invocations=3 (full 0):
 garbage-first heap   total 133120K, used 3325K [0x0000000780000000, 0x0000000800000000)
  region size 1024K, 1 young (1024K), 1 survivors (1024K)
 Metaspace       used 3309K, committed 3456K, reserved 1056768K
  class space    used 338K, committed 384K, reserved 1048576K
}
Event: 1.044 GC heap before
{Heap before GC invocations=3 (full 0):
 garbage-first heap   total 133120K, used 80125K [0x0000000780000000, 0x0000000800000000)
  region size 1024K, 76 young (77824K), 1 survivors (1024K)
 Metaspace       used 3312K, committed 3456K, reserved 1056768K
  class space    used 338K, committed 384K, reserved 1048576K
}
Event: 1.045 GC heap after
{Heap after GC invocations=4 (full 0):
 garbage-first heap   total 133120K, used 3607K [0x0000000780000000, 0x0000000800000000)
  region size 1024K, 1 young (1024K), 1 survivors (1024K)
 Metaspace       used 3312K, committed 3456K, reserved 1056768K
  class space    used 338K, committed 384K, reserved 1048576K
}
Event: 1.310 GC heap before
{Heap before GC invocations=4 (full 0):
 garbage-first heap   total 133120K, used 80407K [0x0000000780000000, 0x0000000800000000)
  region size 1024K, 76 young (77824K), 1 survivors (1024K)
 Metaspace       used 3312K, committed 3456K, reserved 1056768K
  class space    used 338K, committed 384K, reserved 1048576K
}
Event: 1.312 GC heap after
{Heap after GC invocations=5 (full 0):
 garbage-first heap   total 133120K, used 4052K [0x0000000780000000, 0x0000000800000000)
  region size 1024K, 2 young (2048K), 2 survivors (2048K)
 Metaspace       used 3312K, committed 3456K, reserved 1056768K
  class space    used 338K, committed 384K, reserved 1048576K
}
Event: 2.580 GC heap before
{Heap before GC invocations=5 (full 0):
 garbage-first heap   total 133120K, used 80852K [0x0000000780000000, 0x0000000800000000)
  region size 1024K, 76 young (77824K), 2 survivors (2048K)
 Metaspace       used 8970K, committed 9216K, reserved 1064960K
  class space    used 1150K, committed 1280K, reserved 1048576K
}
Event: 2.611 GC heap after
{Heap after GC invocations=6 (full 0):
 garbage-first heap   total 133120K, used 5740K [0x0000000780000000, 0x0000000800000000)
  region size 1024K, 3 young (3072K), 3 survivors (3072K)
 Metaspace       used 8970K, committed 9216K, reserved 1064960K
  class space    used 1150K, committed 1280K, reserved 1048576K
}

Deoptimization events (20 events):
Event: 1.398 Thread 0x00007fb1a800e000 DEOPT PACKING pc=0x00000001217f94c0 sp=0x0000700000b2ef30
Event: 1.398 Thread 0x00007fb1a800e000 DEOPT UNPACKING pc=0x0000000119d45424 sp=0x0000700000b2ef58 mode 2
Event: 1.669 Thread 0x00007fb1a800e000 Uncommon trap: trap_request=0xffffffde fr.pc=0x00000001217ea584 relative=0x0000000000000704
Event: 1.669 Thread 0x00007fb1a800e000 Uncommon trap: reason=class_check action=maybe_recompile pc=0x00000001217ea584 method=java.io.BufferedInputStream.read([BII)I @ 101 c2
Event: 1.669 Thread 0x00007fb1a800e000 DEOPT PACKING pc=0x00000001217ea584 sp=0x0000700000b2db50
Event: 1.669 Thread 0x00007fb1a800e000 DEOPT UNPACKING pc=0x0000000119d45424 sp=0x0000700000b2db28 mode 2
Event: 1.669 Thread 0x00007fb1a800e000 Uncommon trap: trap_request=0xffffff45 fr.pc=0x00000001217ea458 relative=0x00000000000005d8
Event: 1.669 Thread 0x00007fb1a800e000 Uncommon trap: reason=unstable_if action=reinterpret pc=0x00000001217ea458 method=java.io.BufferedInputStream.read([BII)I @ 56 c2
Event: 1.669 Thread 0x00007fb1a800e000 DEOPT PACKING pc=0x00000001217ea458 sp=0x0000700000b2db50
Event: 1.669 Thread 0x00007fb1a800e000 DEOPT UNPACKING pc=0x0000000119d45424 sp=0x0000700000b2db28 mode 2
Event: 1.756 Thread 0x00007fb1a8114200 Uncommon trap: trap_request=0xffffff45 fr.pc=0x00000001217dd5e0 relative=0x00000000000001c0
Event: 1.756 Thread 0x00007fb1a8114200 Uncommon trap: reason=unstable_if action=reinterpret pc=0x00000001217dd5e0 method=java.lang.String.startsWith(Ljava/lang/String;I)Z @ 1 c2
Event: 1.756 Thread 0x00007fb1a8114200 DEOPT PACKING pc=0x00000001217dd5e0 sp=0x0000700002276320
Event: 1.756 Thread 0x00007fb1a8114200 DEOPT UNPACKING pc=0x0000000119d45424 sp=0x00007000022762a8 mode 2
Event: 2.456 Thread 0x00007fb1a82a4e00 DEOPT PACKING pc=0x000000011a2abc30 sp=0x00007ffee18cb2d0
Event: 2.456 Thread 0x00007fb1a82a4e00 DEOPT UNPACKING pc=0x0000000119d45bba sp=0x00007ffee18ca808 mode 0
Event: 2.528 Thread 0x00007fb1a82a4e00 DEOPT PACKING pc=0x000000011a2abc30 sp=0x00007ffee18cb010
Event: 2.528 Thread 0x00007fb1a82a4e00 DEOPT UNPACKING pc=0x0000000119d45bba sp=0x00007ffee18ca548 mode 0
Event: 2.628 Thread 0x00007fb1a82a4e00 DEOPT PACKING pc=0x000000011a2abc30 sp=0x00007ffee18cae70
Event: 2.628 Thread 0x00007fb1a82a4e00 DEOPT UNPACKING pc=0x0000000119d45bba sp=0x00007ffee18ca3a8 mode 0

Classes unloaded (0 events):
No events

Classes redefined (0 events):
No events

Internal exceptions (18 events):
Event: 0.535 Thread 0x00007fb1a800e600 Exception <a 'java/lang/NoSuchMethodError'{0x0000000786d14af0}: 'void java.lang.invoke.DirectMethodHandle$Holder.invokeVirtual(java.lang.Object, java.lang.Object)'> (0x0000000786d14af0) 
thrown [./open/src/hotspot/share/interpreter/linkResolver.cpp, line 790]
Event: 0.587 Thread 0x00007fb1a800e600 Exception <a 'java/lang/NoSuchMethodError'{0x0000000785de6308}: 'java.lang.Object java.lang.invoke.DirectMethodHandle$Holder.invokeInterface(java.lang.Object, java.lang.Object)'> (0x0000000785de6308) 
thrown [./open/src/hotspot/share/interpreter/linkResolver.cpp, line 790]
Event: 0.588 Thread 0x00007fb1a800e600 Exception <a 'java/lang/IncompatibleClassChangeError'{0x0000000785de9a58}: Found class java.lang.Object, but interface was expected> (0x0000000785de9a58) 
thrown [./open/src/hotspot/share/interpreter/linkResolver.cpp, line 857]
Event: 1.664 Thread 0x00007fb1a800e000 Exception <a 'java/lang/NoSuchMethodError'{0x0000000784139090}: 'java.lang.Object java.lang.invoke.DirectMethodHandle$Holder.invokeStatic(java.lang.Object)'> (0x0000000784139090) 
thrown [./open/src/hotspot/share/interpreter/linkResolver.cpp, line 790]
Event: 1.665 Thread 0x00007fb1a800e000 Exception <a 'java/lang/NoSuchMethodError'{0x000000078413c798}: 'java.lang.Object java.lang.invoke.DirectMethodHandle$Holder.invokeStaticInit(java.lang.Object)'> (0x000000078413c798) 
thrown [./open/src/hotspot/share/interpreter/linkResolver.cpp, line 790]
Event: 1.671 Thread 0x00007fb1a800e000 Exception <a 'java/lang/NoSuchMethodError'{0x00000007841587f0}: 'void java.lang.invoke.DirectMethodHandle$Holder.invokeSpecial(java.lang.Object, java.lang.Object, java.lang.Object)'> (0x00000007841587f0) 
thrown [./open/src/hotspot/share/interpreter/linkResolver.cpp, line 790]
Event: 1.684 Thread 0x00007fb1a800e000 Exception <a 'java/lang/NoSuchMethodError'{0x00000007841a6a50}: 'java.lang.Object java.lang.invoke.DirectMethodHandle$Holder.newInvokeSpecial(java.lang.Object, java.lang.Object, java.lang.Object, java.lang.Object, java.lang.Object)'> (0x00000007841a6a50) 
thrown [./open/src/hotspot/share/interpreter/linkResolver.cpp, line 790]
Event: 1.685 Thread 0x00007fb1a99c2c00 Exception <a 'java/lang/NoSuchMethodError'{0x00000007840009b8}: 'void java.lang.invoke.DirectMethodHandle$Holder.invokeStatic(java.lang.Object, java.lang.Object)'> (0x00000007840009b8) 
thrown [./open/src/hotspot/share/interpreter/linkResolver.cpp, line 790]
Event: 1.734 Thread 0x00007fb1a99c2c00 Exception <a 'java/lang/NoSuchMethodError'{0x0000000783fab6b0}: 'void java.lang.invoke.DirectMethodHandle$Holder.invokeStatic(java.lang.Object, java.lang.Object, java.lang.Object)'> (0x0000000783fab6b0) 
thrown [./open/src/hotspot/share/interpreter/linkResolver.cpp, line 790]
Event: 1.847 Thread 0x00007fb1a99c2c00 Exception <a 'java/lang/NoSuchMethodError'{0x0000000783fc4da0}: 'int java.lang.invoke.DirectMethodHandle$Holder.invokeStaticInit(java.lang.Object, java.lang.Object, java.lang.Object)'> (0x0000000783fc4da0) 
thrown [./open/src/hotspot/share/interpreter/linkResolver.cpp, line 790]
Event: 2.424 Thread 0x00007fb1a82a4e00 Exception <a 'java/lang/NoSuchMethodError'{0x0000000783909490}: 'void java.lang.invoke.DirectMethodHandle$Holder.invokeStaticInit(java.lang.Object)'> (0x0000000783909490) 
thrown [./open/src/hotspot/share/interpreter/linkResolver.cpp, line 790]
Event: 2.430 Thread 0x00007fb1a99c2c00 Exception <a 'java/lang/NoSuchMethodError'{0x0000000783dbc5b0}: 'void java.lang.invoke.DirectMethodHandle$Holder.invokeStatic(java.lang.Object, java.lang.Object, java.lang.Object, java.lang.Object)'> (0x0000000783dbc5b0) 
thrown [./open/src/hotspot/share/interpreter/linkResolver.cpp, line 790]
Event: 2.677 Thread 0x00007fb1a82a4e00 Exception <a 'java/lang/NoSuchMethodError'{0x0000000787e4a040}: 'java.lang.Object java.lang.invoke.DirectMethodHandle$Holder.invokeStaticInit(java.lang.Object, java.lang.Object, java.lang.Object, java.lang.Object)'> (0x0000000787e4a040) 
thrown [./open/src/hotspot/share/interpreter/linkResolver.cpp, line 790]
Event: 2.680 Thread 0x00007fb1a82a4e00 Exception <a 'java/lang/NullPointerException'{0x0000000787e55fc8}> (0x0000000787e55fc8) 
thrown [./open/src/hotspot/share/interpreter/linkResolver.cpp, line 1385]
Event: 2.830 Thread 0x00007fb1a800e000 Exception <a 'java/lang/ClassNotFoundException'{0x0000000787ab0a30}: sun/awt/resources/spi/awtProvider> (0x0000000787ab0a30) 
thrown [./open/src/hotspot/share/classfile/systemDictionary.cpp, line 256]
Event: 2.833 Thread 0x00007fb1a800e000 Exception <a 'java/io/FileNotFoundException'{0x0000000787ac0350}> (0x0000000787ac0350) 
thrown [./open/src/hotspot/share/prims/jni.cpp, line 579]
Event: 2.833 Thread 0x00007fb1a800e000 Exception <a 'java/io/FileNotFoundException'{0x0000000787ac1578}> (0x0000000787ac1578) 
thrown [./open/src/hotspot/share/prims/jni.cpp, line 579]
Event: 2.840 Thread 0x00007fb1a800e000 Exception <a 'java/lang/ClassNotFoundException'{0x0000000787ac2b70}: sun/awt/resources/spi/awtosxProvider> (0x0000000787ac2b70) 
thrown [./open/src/hotspot/share/classfile/systemDictionary.cpp, line 256]

Events (20 events):
Event: 2.853 loading class sun/awt/AWTAccessor$InputEventAccessor done
Event: 2.853 loading class java/awt/event/InputEvent$1 done
Event: 2.853 loading class sun/lwawt/macosx/LWCToolkit$2
Event: 2.853 loading class sun/lwawt/macosx/LWCToolkit$2 done
Event: 2.853 loading class java/awt/Toolkit$DesktopPropertyChangeSupport
Event: 2.853 loading class java/beans/PropertyChangeSupport
Event: 2.853 loading class java/beans/PropertyChangeSupport done
Event: 2.854 loading class java/awt/Toolkit$DesktopPropertyChangeSupport done
Event: 2.854 loading class java/beans/PropertyChangeSupport$PropertyChangeListenerMap
Event: 2.854 loading class java/beans/ChangeListenerMap
Event: 2.854 loading class java/beans/ChangeListenerMap done
Event: 2.854 loading class java/beans/PropertyChangeSupport$PropertyChangeListenerMap done
Event: 2.854 loading class sun/awt/SunToolkit$ModalityListenerList
Event: 2.854 loading class sun/awt/ModalityListener
Event: 2.854 loading class sun/awt/ModalityListener done
Event: 2.854 loading class sun/awt/SunToolkit$ModalityListenerList done
Event: 2.854 loading class java/util/Vector
Event: 2.854 loading class java/util/Vector done
Event: 2.855 loading class sun/awt/util/ThreadGroupUtils
Event: 2.856 loading class sun/awt/util/ThreadGroupUtils done


Dynamic libraries:
0x00007fff2a6f8000 	/usr/lib/libz.1.dylib
0x000000010e338000 	/Users/matt/Library/Java/JavaVirtualMachines/openjdk-16.0.1/Contents/Home/lib/libjli.dylib
0x00007fff3524a000 	/System/Library/Frameworks/Cocoa.framework/Versions/A/Cocoa
0x00007fff2246f000 	/System/Library/Frameworks/Security.framework/Versions/A/Security
0x00007fff33447000 	/System/Library/Frameworks/ApplicationServices.framework/Versions/A/ApplicationServices
0x00007fff2a7c0000 	/usr/lib/libSystem.B.dylib
0x00007fff2a7ba000 	/usr/lib/system/libcache.dylib
0x00007fff2a776000 	/usr/lib/system/libcommonCrypto.dylib
0x00007fff2a7a0000 	/usr/lib/system/libcompiler_rt.dylib
0x00007fff2a795000 	/usr/lib/system/libcopyfile.dylib
0x00007fff20343000 	/usr/lib/system/libcorecrypto.dylib
0x00007fff20410000 	/usr/lib/system/libdispatch.dylib
0x00007fff205c4000 	/usr/lib/system/libdyld.dylib
0x00007fff2a7b1000 	/usr/lib/system/libkeymgr.dylib
0x00007fff2dbf9000 	/usr/lib/system/liblaunch.dylib
0x00007fff2a754000 	/usr/lib/system/libmacho.dylib
0x00007fff29f6e000 	/usr/lib/system/libquarantine.dylib
0x00007fff2a7ae000 	/usr/lib/system/libremovefile.dylib
0x00007fff24e06000 	/usr/lib/system/libsystem_asl.dylib
0x00007fff202f3000 	/usr/lib/system/libsystem_blocks.dylib
0x00007fff20491000 	/usr/lib/system/libsystem_c.dylib
0x00007fff2a7a8000 	/usr/lib/system/libsystem_collections.dylib
0x00007fff29262000 	/usr/lib/system/libsystem_configuration.dylib
0x00007fff28555000 	/usr/lib/system/libsystem_containermanager.dylib
0x00007fff2a4f0000 	/usr/lib/system/libsystem_coreservices.dylib
0x00007fff22a23000 	/usr/lib/system/libsystem_darwin.dylib
0x00007fff2a7b2000 	/usr/lib/system/libsystem_dnssd.dylib
0x00007fff2048e000 	/usr/lib/system/libsystem_featureflags.dylib
0x00007fff20609000 	/usr/lib/system/libsystem_info.dylib
0x00007fff2a70b000 	/usr/lib/system/libsystem_m.dylib
0x00007fff203e3000 	/usr/lib/system/libsystem_malloc.dylib
0x00007fff24d9a000 	/usr/lib/system/libsystem_networkextension.dylib
0x00007fff22e3e000 	/usr/lib/system/libsystem_notify.dylib
0x00007fff300ad000 	/usr/lib/system/libsystem_product_info_filter.dylib
0x00007fff29266000 	/usr/lib/system/libsystem_sandbox.dylib
0x00007fff2a7ab000 	/usr/lib/system/libsystem_secinit.dylib
0x00007fff20589000 	/usr/lib/system/libsystem_kernel.dylib
0x00007fff205ff000 	/usr/lib/system/libsystem_platform.dylib
0x00007fff205b8000 	/usr/lib/system/libsystem_pthread.dylib
0x00007fff26505000 	/usr/lib/system/libsystem_symptoms.dylib
0x00007fff2032b000 	/usr/lib/system/libsystem_trace.dylib
0x00007fff2a782000 	/usr/lib/system/libunwind.dylib
0x00007fff202f5000 	/usr/lib/system/libxpc.dylib
0x00007fff20570000 	/usr/lib/libc++abi.dylib
0x00007fff20455000 	/usr/lib/libobjc.A.dylib
0x00007fff2a78d000 	/usr/lib/liboah.dylib
0x00007fff2051a000 	/usr/lib/libc++.1.dylib
0x00007fff20635000 	/System/Library/Frameworks/CoreFoundation.framework/Versions/A/CoreFoundation
0x00007fff213e2000 	/System/Library/Frameworks/Foundation.framework/Versions/C/Foundation
0x00007fff22e96000 	/System/Library/Frameworks/AppKit.framework/Versions/C/AppKit
0x00007fff25d2e000 	/System/Library/Frameworks/CoreData.framework/Versions/A/CoreData
0x00007fff23bf9000 	/System/Library/PrivateFrameworks/UIFoundation.framework/Versions/A/UIFoundation
0x00007fff2fe26000 	/System/Library/PrivateFrameworks/RemoteViewServices.framework/Versions/A/RemoteViewServices
0x00007fff28c1f000 	/System/Library/PrivateFrameworks/XCTTargetBootstrap.framework/Versions/A/XCTTargetBootstrap
0x00007fff2b900000 	/usr/lib/libspindump.dylib
0x00007fff23e4e000 	/System/Library/Frameworks/UniformTypeIdentifiers.framework/Versions/A/UniformTypeIdentifiers
0x00007fff273f5000 	/usr/lib/libapp_launch_measurement.dylib
0x00007fff273f8000 	/System/Library/PrivateFrameworks/CoreAutoLayout.framework/Versions/A/CoreAutoLayout
0x00007fff28581000 	/System/Library/Frameworks/Metal.framework/Versions/A/Metal
0x00007fff29271000 	/usr/lib/liblangid.dylib
0x00007fff28c23000 	/System/Library/PrivateFrameworks/CoreSVG.framework/Versions/A/CoreSVG
0x00007fff24e35000 	/System/Library/PrivateFrameworks/SkyLight.framework/Versions/A/SkyLight
0x00007fff2519c000 	/System/Library/Frameworks/CoreGraphics.framework/Versions/A/CoreGraphics
0x00007fff3047d000 	/System/Library/Frameworks/Accelerate.framework/Versions/A/Accelerate
0x00007fff2b33b000 	/System/Library/PrivateFrameworks/IconServices.framework/Versions/A/IconServices
0x00007fff28566000 	/System/Library/Frameworks/IOSurface.framework/Versions/A/IOSurface
0x00007fff266b7000 	/usr/lib/libDiagnosticMessagesClient.dylib
0x00007fff28c0b000 	/System/Library/PrivateFrameworks/DFRFoundation.framework/Versions/A/DFRFoundation
0x00007fff227c1000 	/usr/lib/libicucore.A.dylib
0x00007fff2ce47000 	/System/Library/Frameworks/AudioToolbox.framework/Versions/A/AudioToolbox
0x00007fff2c0ec000 	/System/Library/PrivateFrameworks/DataDetectorsCore.framework/Versions/A/DataDetectorsCore
0x00007fff2890b000 	/System/Library/Frameworks/Carbon.framework/Versions/A/Frameworks/HIToolbox.framework/Versions/A/HIToolbox
0x00007fff26e50000 	/System/Library/Frameworks/QuartzCore.framework/Versions/A/QuartzCore
0x00007fff2fe62000 	/System/Library/Frameworks/Carbon.framework/Versions/A/Frameworks/SpeechRecognition.framework/Versions/A/SpeechRecognition
0x00007fff2715d000 	/System/Library/PrivateFrameworks/CoreUI.framework/Versions/A/CoreUI
0x00007fff21dca000 	/System/Library/Frameworks/CoreAudio.framework/Versions/A/CoreAudio
0x00007fff267a2000 	/System/Library/Frameworks/DiskArbitration.framework/Versions/A/DiskArbitration
0x00007fff2bcfb000 	/System/Library/PrivateFrameworks/MultitouchSupport.framework/Versions/A/MultitouchSupport
0x00007fff2c0e3000 	/System/Library/PrivateFrameworks/InternationalSupport.framework/Versions/A/InternationalSupport
0x00007fff24da9000 	/usr/lib/libenergytrace.dylib
0x00007fff22d8f000 	/System/Library/Frameworks/IOKit.framework/Versions/A/IOKit
0x00007fff301af000 	/System/Library/Frameworks/CoreServices.framework/Versions/A/CoreServices
0x00007fff2738b000 	/System/Library/PrivateFrameworks/PerformanceAnalysis.framework/Versions/A/PerformanceAnalysis
0x00007fff6cb18000 	/System/Library/Frameworks/OpenGL.framework/Versions/A/OpenGL
0x00007fff2c168000 	/System/Library/PrivateFrameworks/UserActivity.framework/Versions/A/UserActivity
0x00007fff25830000 	/System/Library/Frameworks/ColorSync.framework/Versions/A/ColorSync
0x00007fff28e88000 	/System/Library/Frameworks/CoreImage.framework/Versions/A/CoreImage
0x00007fff21be1000 	/System/Library/Frameworks/CoreText.framework/Versions/A/CoreText
0x00007fff28c4d000 	/System/Library/Frameworks/ImageIO.framework/Versions/A/ImageIO
0x00007fff2a7c6000 	/System/Library/PrivateFrameworks/SoftLinking.framework/Versions/A/SoftLinking
0x00007fff27441000 	/usr/lib/libxml2.2.dylib
0x00007fff2aa38000 	/usr/lib/libcompression.dylib
0x00007fff24daa000 	/usr/lib/libMobileGestalt.dylib
0x00007fff2c016000 	/System/Library/PrivateFrameworks/TextureIO.framework/Versions/A/TextureIO
0x00007fff2b05e000 	/usr/lib/libate.dylib
0x00007fff2ae43000 	/usr/lib/liblzma.5.dylib
0x00007fff210f6000 	/System/Library/Frameworks/SystemConfiguration.framework/Versions/A/SystemConfiguration
0x00007fff2a7c2000 	/usr/lib/libfakelink.dylib
0x00007fff248fc000 	/System/Library/Frameworks/CFNetwork.framework/Versions/A/CFNetwork
0x00007fff2a902000 	/usr/lib/libarchive.2.dylib
0x00007fff21174000 	/usr/lib/libCRFSuite.dylib
0x00007fff29f95000 	/usr/lib/libbsm.0.dylib
0x00007fff242b8000 	/usr/lib/libnetwork.dylib
0x00007fff2a7c7000 	/usr/lib/libpcap.A.dylib
0x00007fff264fe000 	/usr/lib/libdns_services.dylib
0x00007fff2ae5c000 	/usr/lib/libcoretls_cfhelpers.dylib
0x00007fff2aa06000 	/usr/lib/libapple_nghttp2.dylib
0x00007fff2a75a000 	/usr/lib/system/libkxld.dylib
0x00007fff26164000 	/usr/lib/libsqlite3.dylib
0x00007fff2a4d2000 	/System/Library/PrivateFrameworks/AppleFSCompression.framework/Versions/A/AppleFSCompression
0x00007fff29f7d000 	/usr/lib/libcoretls.dylib
0x00007fff2aa33000 	/usr/lib/libpam.2.dylib
0x00007fff2af59000 	/usr/lib/libxar.1.dylib
0x00007fff2926d000 	/System/Library/PrivateFrameworks/AppleSystemInfo.framework/Versions/A/AppleSystemInfo
0x00007fff29bc0000 	/System/Library/PrivateFrameworks/IOMobileFramebuffer.framework/Versions/A/IOMobileFramebuffer
0x00007fff2a4e2000 	/usr/lib/libbz2.1.0.dylib
0x00007fff2a7ff000 	/usr/lib/libiconv.2.dylib
0x00007fff2a753000 	/usr/lib/libcharset.1.dylib
0x00007fff273c7000 	/System/Library/Frameworks/CoreServices.framework/Versions/A/Frameworks/FSEvents.framework/Versions/A/FSEvents
0x00007fff22a2d000 	/System/Library/Frameworks/CoreServices.framework/Versions/A/Frameworks/CarbonCore.framework/Versions/A/CarbonCore
0x00007fff26707000 	/System/Library/Frameworks/CoreServices.framework/Versions/A/Frameworks/Metadata.framework/Versions/A/Metadata
0x00007fff2a4f5000 	/System/Library/Frameworks/CoreServices.framework/Versions/A/Frameworks/OSServices.framework/Versions/A/OSServices
0x00007fff2a974000 	/System/Library/Frameworks/CoreServices.framework/Versions/A/Frameworks/SearchKit.framework/Versions/A/SearchKit
0x00007fff26488000 	/System/Library/Frameworks/CoreServices.framework/Versions/A/Frameworks/AE.framework/Versions/A/AE
0x00007fff20ad1000 	/System/Library/Frameworks/CoreServices.framework/Versions/A/Frameworks/LaunchServices.framework/Versions/A/LaunchServices
0x00007fff2adf4000 	/System/Library/Frameworks/CoreServices.framework/Versions/A/Frameworks/DictionaryServices.framework/Versions/A/DictionaryServices
0x00007fff273d0000 	/System/Library/Frameworks/CoreServices.framework/Versions/A/Frameworks/SharedFileList.framework/Versions/A/SharedFileList
0x00007fff29f71000 	/usr/lib/libCheckFix.dylib
0x00007fff24e1d000 	/System/Library/PrivateFrameworks/TCC.framework/Versions/A/TCC
0x00007fff29273000 	/System/Library/PrivateFrameworks/CoreNLP.framework/Versions/A/CoreNLP
0x00007fff266ba000 	/System/Library/PrivateFrameworks/MetadataUtilities.framework/Versions/A/MetadataUtilities
0x00007fff211aa000 	/usr/lib/libmecabra.dylib
0x00007fff2a284000 	/System/Library/Frameworks/MLCompute.framework/Versions/A/MLCompute
0x00007fff29fa6000 	/usr/lib/libmecab.dylib
0x00007fff29ff0000 	/usr/lib/libgermantok.dylib
0x00007fff2a9dc000 	/usr/lib/libThaiTokenizer.dylib
0x00007fff2af94000 	/usr/lib/libChineseTokenizer.dylib
0x00007fff2aa31000 	/System/Library/Frameworks/MetalPerformanceShaders.framework/Versions/A/MetalPerformanceShaders
0x00007fff267a9000 	/System/Library/Frameworks/Accelerate.framework/Versions/A/Frameworks/vImage.framework/Versions/A/vImage
0x00007fff30188000 	/System/Library/Frameworks/Accelerate.framework/Versions/A/Frameworks/vecLib.framework/Versions/A/vecLib
0x00007fff2af9f000 	/System/Library/Frameworks/Accelerate.framework/Versions/A/Frameworks/vecLib.framework/Versions/A/libvMisc.dylib
0x00007fff299d9000 	/System/Library/Frameworks/Accelerate.framework/Versions/A/Frameworks/vecLib.framework/Versions/A/libvDSP.dylib
0x00007fff20dd5000 	/System/Library/Frameworks/Accelerate.framework/Versions/A/Frameworks/vecLib.framework/Versions/A/libBLAS.dylib
0x00007fff2aa57000 	/System/Library/Frameworks/Accelerate.framework/Versions/A/Frameworks/vecLib.framework/Versions/A/libLAPACK.dylib
0x00007fff29ff6000 	/System/Library/Frameworks/Accelerate.framework/Versions/A/Frameworks/vecLib.framework/Versions/A/libLinearAlgebra.dylib
0x00007fff2aa1e000 	/System/Library/Frameworks/Accelerate.framework/Versions/A/Frameworks/vecLib.framework/Versions/A/libSparseBLAS.dylib
0x00007fff2aa51000 	/System/Library/Frameworks/Accelerate.framework/Versions/A/Frameworks/vecLib.framework/Versions/A/libQuadrature.dylib
0x00007fff2931b000 	/System/Library/Frameworks/Accelerate.framework/Versions/A/Frameworks/vecLib.framework/Versions/A/libBNNS.dylib
0x00007fff21087000 	/System/Library/Frameworks/Accelerate.framework/Versions/A/Frameworks/vecLib.framework/Versions/A/libSparse.dylib
0x00007fff29206000 	/System/Library/Frameworks/MetalPerformanceShaders.framework/Versions/A/Frameworks/MPSCore.framework/Versions/A/MPSCore
0x00007fff2a441000 	/System/Library/Frameworks/MetalPerformanceShaders.framework/Versions/A/Frameworks/MPSImage.framework/Versions/A/MPSImage
0x00007fff2a00c000 	/System/Library/Frameworks/MetalPerformanceShaders.framework/Versions/A/Frameworks/MPSNeuralNetwork.framework/Versions/A/MPSNeuralNetwork
0x00007fff2a3cc000 	/System/Library/Frameworks/MetalPerformanceShaders.framework/Versions/A/Frameworks/MPSMatrix.framework/Versions/A/MPSMatrix
0x00007fff2a234000 	/System/Library/Frameworks/MetalPerformanceShaders.framework/Versions/A/Frameworks/MPSRayIntersector.framework/Versions/A/MPSRayIntersector
0x00007fff2a403000 	/System/Library/Frameworks/MetalPerformanceShaders.framework/Versions/A/Frameworks/MPSNDArray.framework/Versions/A/MPSNDArray
0x00007fff20d01000 	/System/Library/PrivateFrameworks/MetalTools.framework/Versions/A/MetalTools
0x00007fff2926b000 	/System/Library/PrivateFrameworks/AggregateDictionary.framework/Versions/A/AggregateDictionary
0x00007fff26692000 	/System/Library/PrivateFrameworks/CoreAnalytics.framework/Versions/A/CoreAnalytics
0x00007fff2a9de000 	/System/Library/PrivateFrameworks/AppleSauce.framework/Versions/A/AppleSauce
0x00007fff28578000 	/System/Library/PrivateFrameworks/IOAccelerator.framework/Versions/A/IOAccelerator
0x00007fff6cb0c000 	/System/Library/Frameworks/OpenGL.framework/Versions/A/Libraries/libCoreFSCache.dylib
0x00007fff21746000 	/System/Library/PrivateFrameworks/LanguageModeling.framework/Versions/A/LanguageModeling
0x00007fff29bad000 	/System/Library/PrivateFrameworks/CoreEmoji.framework/Versions/A/CoreEmoji
0x00007fff29314000 	/System/Library/PrivateFrameworks/LinguisticData.framework/Versions/A/LinguisticData
0x00007fff21039000 	/System/Library/PrivateFrameworks/Lexicon.framework/Versions/A/Lexicon
0x00007fff2a8f0000 	/usr/lib/libcmph.dylib
0x00007fff273a7000 	/System/Library/Frameworks/OpenDirectory.framework/Versions/A/Frameworks/CFOpenDirectory.framework/Versions/A/CFOpenDirectory
0x00007fff27397000 	/System/Library/Frameworks/OpenDirectory.framework/Versions/A/OpenDirectory
0x00007fff2ae5e000 	/System/Library/PrivateFrameworks/APFS.framework/Versions/A/APFS
0x00007fff29ed2000 	/System/Library/Frameworks/SecurityFoundation.framework/Versions/A/SecurityFoundation
0x00007fff2af67000 	/usr/lib/libutil.dylib
0x00007fff22d54000 	/System/Library/PrivateFrameworks/CoreServicesStore.framework/Versions/A/CoreServicesStore
0x00007fff29f69000 	/System/Library/Frameworks/ServiceManagement.framework/Versions/A/ServiceManagement
0x00007fff2af6b000 	/usr/lib/libxslt.1.dylib
0x00007fff29f5f000 	/System/Library/PrivateFrameworks/BackgroundTaskManagement.framework/Versions/A/BackgroundTaskManagement
0x00007fff2bf60000 	/System/Library/Frameworks/ImageIO.framework/Versions/A/Resources/libRadiance.dylib
0x00007fff2bf6a000 	/System/Library/Frameworks/ImageIO.framework/Versions/A/Resources/libJPEG.dylib
0x00007fff2beb5000 	/System/Library/Frameworks/ImageIO.framework/Versions/A/Resources/libPng.dylib
0x00007fff2bedc000 	/System/Library/Frameworks/ImageIO.framework/Versions/A/Resources/libTIFF.dylib
0x00007fff2bfbf000 	/System/Library/Frameworks/ImageIO.framework/Versions/A/Resources/libGIF.dylib
0x00007fff2bc18000 	/System/Library/Frameworks/ImageIO.framework/Versions/A/Resources/libJP2.dylib
0x00007fff2b302000 	/usr/lib/libexpat.1.dylib
0x00007fff2bbcd000 	/System/Library/PrivateFrameworks/AppleJPEG.framework/Versions/A/AppleJPEG
0x00007fff287ae000 	/System/Library/PrivateFrameworks/FontServices.framework/libFontParser.dylib
0x00007fff2643c000 	/System/Library/PrivateFrameworks/RunningBoardServices.framework/Versions/A/RunningBoardServices
0x00007fff2bcf7000 	/System/Library/PrivateFrameworks/WatchdogClient.framework/Versions/A/WatchdogClient
0x00007fff21833000 	/System/Library/Frameworks/CoreDisplay.framework/Versions/A/CoreDisplay
0x00007fff286c4000 	/System/Library/Frameworks/CoreMedia.framework/Versions/A/CoreMedia
0x00007fff27524000 	/System/Library/Frameworks/CoreVideo.framework/Versions/A/CoreVideo
0x00007fff2bd2f000 	/System/Library/Frameworks/VideoToolbox.framework/Versions/A/VideoToolbox
0x00007fff263ba000 	/System/Library/PrivateFrameworks/BaseBoard.framework/Versions/A/BaseBoard
0x00007fff2b447000 	/System/Library/PrivateFrameworks/PersistentConnection.framework/Versions/A/PersistentConnection
0x00007fff2614d000 	/System/Library/PrivateFrameworks/ProtocolBuffer.framework/Versions/A/ProtocolBuffer
0x00007fff263a1000 	/System/Library/PrivateFrameworks/CommonUtilities.framework/Versions/A/CommonUtilities
0x00007fff2bb62000 	/System/Library/PrivateFrameworks/Bom.framework/Versions/A/Bom
0x00007fff2bf59000 	/System/Library/PrivateFrameworks/GPUWrangler.framework/Versions/A/GPUWrangler
0x00007fff2bf3c000 	/System/Library/PrivateFrameworks/IOPresentment.framework/Versions/A/IOPresentment
0x00007fff2bf64000 	/System/Library/PrivateFrameworks/DSExternalDisplay.framework/Versions/A/DSExternalDisplay
0x00007fff2bfc4000 	/System/Library/PrivateFrameworks/CMCaptureCore.framework/Versions/A/CMCaptureCore
0x00007fff2b8e7000 	/System/Library/PrivateFrameworks/AppServerSupport.framework/Versions/A/AppServerSupport
0x00007fff2d998000 	/System/Library/PrivateFrameworks/perfdata.framework/Versions/A/perfdata
0x00007fff29ec1000 	/System/Library/PrivateFrameworks/AssertionServices.framework/Versions/A/AssertionServices
0x00007fff2196a000 	/System/Library/PrivateFrameworks/AudioToolboxCore.framework/Versions/A/AudioToolboxCore
0x00007fff286a7000 	/System/Library/PrivateFrameworks/caulk.framework/Versions/A/caulk
0x00007fff3d643000 	/System/Library/PrivateFrameworks/SystemPolicy.framework/Versions/A/SystemPolicy
0x00007fff2b0f7000 	/usr/lib/libIOReport.dylib
0x00007fff2d1ba000 	/usr/lib/libSMC.dylib
0x00007fff2be82000 	/usr/lib/libAudioToolboxUtility.dylib
0x00007fff3dfad000 	/usr/lib/libmis.dylib
0x00007fff6cb68000 	/System/Library/Frameworks/OpenGL.framework/Versions/A/Libraries/libGLU.dylib
0x00007fff6cb2b000 	/System/Library/Frameworks/OpenGL.framework/Versions/A/Libraries/libGFXShared.dylib
0x00007fff6cd3a000 	/System/Library/Frameworks/OpenGL.framework/Versions/A/Libraries/libGL.dylib
0x00007fff6cb34000 	/System/Library/Frameworks/OpenGL.framework/Versions/A/Libraries/libGLImage.dylib
0x00007fff6cb28000 	/System/Library/Frameworks/OpenGL.framework/Versions/A/Libraries/libCVMSPluginSupport.dylib
0x00007fff6cb13000 	/System/Library/Frameworks/OpenGL.framework/Versions/A/Libraries/libCoreVMClient.dylib
0x00007fff6e17b000 	/System/Library/Frameworks/OpenCL.framework/Versions/A/OpenCL
0x00007fff2b471000 	/System/Library/PrivateFrameworks/GraphVisualizer.framework/Versions/A/GraphVisualizer
0x00007fff2b480000 	/System/Library/PrivateFrameworks/FaceCore.framework/Versions/A/FaceCore
0x00007fff2b89c000 	/System/Library/PrivateFrameworks/OTSVG.framework/Versions/A/OTSVG
0x00007fff2711b000 	/System/Library/Frameworks/ApplicationServices.framework/Versions/A/Frameworks/ATS.framework/Versions/A/Resources/libFontRegistry.dylib
0x00007fff2b8ee000 	/System/Library/PrivateFrameworks/FontServices.framework/libhvf.dylib
0x00007fff2b2ae000 	/System/Library/PrivateFrameworks/AppleVA.framework/Versions/A/AppleVA
0x00007fff2d003000 	/System/Library/Frameworks/ApplicationServices.framework/Versions/A/Frameworks/ATS.framework/Versions/A/ATS
0x00007fff2d315000 	/System/Library/Frameworks/ApplicationServices.framework/Versions/A/Frameworks/ColorSyncLegacy.framework/Versions/A/ColorSyncLegacy
0x00007fff25927000 	/System/Library/Frameworks/ApplicationServices.framework/Versions/A/Frameworks/HIServices.framework/Versions/A/HIServices
0x00007fff2d2fa000 	/System/Library/Frameworks/ApplicationServices.framework/Versions/A/Frameworks/LangAnalysis.framework/Versions/A/LangAnalysis
0x00007fff2bfce000 	/System/Library/Frameworks/ApplicationServices.framework/Versions/A/Frameworks/PrintCore.framework/Versions/A/PrintCore
0x00007fff2d31d000 	/System/Library/Frameworks/ApplicationServices.framework/Versions/A/Frameworks/QD.framework/Versions/A/QD
0x00007fff2cff3000 	/System/Library/Frameworks/ApplicationServices.framework/Versions/A/Frameworks/SpeechSynthesis.framework/Versions/A/SpeechSynthesis
0x00007fff2bf8f000 	/System/Library/Frameworks/ApplicationServices.framework/Versions/A/Frameworks/ATSUI.framework/Versions/A/ATSUI
0x00007fff2d29a000 	/usr/lib/libcups.2.dylib
0x00007fff2d30a000 	/System/Library/PrivateFrameworks/NetAuth.framework/Versions/A/NetAuth
0x00007fff2d9b4000 	/System/Library/Frameworks/Kerberos.framework/Versions/A/Kerberos
0x00007fff2d9c4000 	/System/Library/Frameworks/GSS.framework/Versions/A/GSS
0x00007fff2d06f000 	/usr/lib/libresolv.9.dylib
0x00007fff2b903000 	/System/Library/PrivateFrameworks/Heimdal.framework/Versions/A/Heimdal
0x00007fff33748000 	/System/Library/Frameworks/Kerberos.framework/Versions/A/Libraries/libHeimdalProxy.dylib
0x00007fff2650d000 	/System/Library/Frameworks/Network.framework/Versions/A/Network
0x00007fff2b31c000 	/usr/lib/libheimdal-asn1.dylib
0x00007fff2da14000 	/System/Library/PrivateFrameworks/CommonAuth.framework/Versions/A/CommonAuth
0x00007fff27571000 	/System/Library/PrivateFrameworks/login.framework/Versions/A/Frameworks/loginsupport.framework/Versions/A/loginsupport
0x00007fff2cf78000 	/System/Library/PrivateFrameworks/AudioSession.framework/Versions/A/AudioSession
0x00007fff2cfe0000 	/usr/lib/libAudioStatistics.dylib
0x00007fff2b3a9000 	/System/Library/PrivateFrameworks/MediaExperience.framework/Versions/A/MediaExperience
0x00007fff2ce15000 	/System/Library/PrivateFrameworks/AudioSession.framework/libSessionUtility.dylib
0x00007fff2d9a5000 	/usr/lib/libperfcheck.dylib
0x00007fff2d329000 	/System/Library/PrivateFrameworks/AudioResourceArbitration.framework/Versions/A/AudioResourceArbitration
0x00007fff2b326000 	/System/Library/PrivateFrameworks/IconFoundation.framework/Versions/A/IconFoundation
0x00007fff2fe52000 	/System/Library/PrivateFrameworks/SpeechRecognitionCore.framework/Versions/A/SpeechRecognitionCore
0x0000000110800000 	/Users/matt/Library/Java/JavaVirtualMachines/openjdk-16.0.1/Contents/Home/lib/server/libjvm.dylib
0x000000010e35e000 	/Users/matt/Library/Java/JavaVirtualMachines/openjdk-16.0.1/Contents/Home/lib/libjimage.dylib
0x000000010e3b4000 	/Users/matt/Library/Java/JavaVirtualMachines/openjdk-16.0.1/Contents/Home/lib/libjava.dylib
0x000000010e617000 	/Users/matt/Library/Java/JavaVirtualMachines/openjdk-16.0.1/Contents/Home/lib/libnio.dylib
0x000000010e62b000 	/Users/matt/Library/Java/JavaVirtualMachines/openjdk-16.0.1/Contents/Home/lib/libnet.dylib
0x000000010e645000 	/Users/matt/Library/Java/JavaVirtualMachines/openjdk-16.0.1/Contents/Home/lib/libzip.dylib
0x000000010e653000 	/Users/matt/Library/Java/JavaVirtualMachines/openjdk-16.0.1/Contents/Home/lib/libverify.dylib
0x000000010e665000 	/Users/matt/.openjfx/cache/17-ea/libprism_es2.dylib
0x00007fff22d15000 	/System/Library/PrivateFrameworks/CoreServicesInternal.framework/Versions/A/CoreServicesInternal
0x00007fff6cd45000 	/System/Library/Frameworks/OpenGL.framework/Versions/A/Resources/GLEngine.bundle/GLEngine
0x00007fff6cba5000 	/System/Library/Frameworks/OpenGL.framework/Versions/A/Libraries/libGLProgrammability.dylib
0x00007fff66c18000 	/System/Library/Extensions/AppleIntelHD5000GraphicsGLDriver.bundle/Contents/MacOS/AppleIntelHD5000GraphicsGLDriver
0x00007fff46ec8000 	/System/Library/PrivateFrameworks/GPUSupport.framework/Versions/A/Libraries/libGPUSupportMercury.dylib
0x00007fff6cec1000 	/System/Library/Frameworks/OpenGL.framework/Versions/A/Resources/GLRendererFloat.bundle/GLRendererFloat
0x000000011254b000 	/Users/matt/.openjfx/cache/17-ea/libglass.dylib
0x00007fff31338000 	/System/Library/Frameworks/FileProvider.framework/Versions/A/FileProvider
0x00007fff26324000 	/System/Library/Frameworks/Accounts.framework/Versions/A/Accounts
0x00007fff31459000 	/System/Library/PrivateFrameworks/GenerationalStorage.framework/Versions/A/GenerationalStorage
0x00007fff31e1c000 	/System/Library/PrivateFrameworks/CoreSymbolication.framework/Versions/A/CoreSymbolication
0x00007fff30d57000 	/System/Library/PrivateFrameworks/SymptomDiagnosticReporter.framework/Versions/A/SymptomDiagnosticReporter
0x00007fff2e65d000 	/System/Library/PrivateFrameworks/AppContainer.framework/Versions/A/AppContainer
0x00007fff23e61000 	/System/Library/PrivateFrameworks/DesktopServicesPriv.framework/Versions/A/DesktopServicesPriv
0x00007fff22e4a000 	/usr/lib/libsandbox.1.dylib
0x00007fff2759d000 	/System/Library/PrivateFrameworks/UserManagement.framework/Versions/A/UserManagement
0x00007fff29e9e000 	/System/Library/PrivateFrameworks/MobileKeyBag.framework/Versions/A/MobileKeyBag
0x00007fff347b2000 	/System/Library/PrivateFrameworks/ChunkingLibrary.framework/Versions/A/ChunkingLibrary
0x00007fff31ddf000 	/System/Library/PrivateFrameworks/DebugSymbols.framework/Versions/A/DebugSymbols
0x00007fff2e672000 	/System/Library/PrivateFrameworks/SecCodeWrapper.framework/Versions/A/SecCodeWrapper
0x00007fff2b0ff000 	/System/Library/PrivateFrameworks/CrashReporterSupport.framework/Versions/A/CrashReporterSupport
0x00007fff48536000 	/System/Library/PrivateFrameworks/OSAnalytics.framework/Versions/A/OSAnalytics
0x00007fff78340000 	/usr/lib/libRosetta.dylib
0x00007fff33193000 	/System/Library/PrivateFrameworks/RemoteServiceDiscovery.framework/Versions/A/RemoteServiceDiscovery
0x00007fff5250d000 	/System/Library/PrivateFrameworks/Symbolication.framework/Versions/A/Symbolication
0x00007fff331a3000 	/System/Library/PrivateFrameworks/RemoteXPC.framework/Versions/A/RemoteXPC
0x00007fff396ae000 	/System/Library/PrivateFrameworks/OSAServicesClient.framework/Versions/A/OSAServicesClient
0x00007fff3df8c000 	/System/Library/PrivateFrameworks/MallocStackLogging.framework/Versions/A/MallocStackLogging
0x00007fff2e3f4000 	/System/Library/PrivateFrameworks/Sharing.framework/Versions/A/Sharing
0x00007fff32d70000 	/System/Library/PrivateFrameworks/Apple80211.framework/Versions/A/Apple80211
0x00007fff2a523000 	/System/Library/PrivateFrameworks/AuthKit.framework/Versions/A/AuthKit
0x00007fff29c9e000 	/System/Library/PrivateFrameworks/CoreUtils.framework/Versions/A/CoreUtils
0x00007fff29bcb000 	/System/Library/Frameworks/CoreWLAN.framework/Versions/A/CoreWLAN
0x00007fff2e53c000 	/System/Library/Frameworks/IOBluetooth.framework/Versions/A/IOBluetooth
0x00007fff32dd4000 	/System/Library/PrivateFrameworks/CoreWiFi.framework/Versions/A/CoreWiFi
0x00007fff2da9c000 	/System/Library/PrivateFrameworks/CorePhoneNumbers.framework/Versions/A/CorePhoneNumbers
0x00007fff30e5f000 	/System/Library/PrivateFrameworks/DiskManagement.framework/Versions/A/DiskManagement
0x00007fff30d75000 	/System/Library/PrivateFrameworks/AppleIDAuthSupport.framework/Versions/A/AppleIDAuthSupport
0x00007fff2da79000 	/System/Library/PrivateFrameworks/KeychainCircle.framework/Versions/A/KeychainCircle
0x00007fff30e2b000 	/System/Library/PrivateFrameworks/MediaKit.framework/Versions/A/MediaKit
0x00007fff30d82000 	/System/Library/Frameworks/DiscRecording.framework/Versions/A/DiscRecording
0x00007fff2b222000 	/usr/lib/libCoreStorage.dylib
0x00007fff3320e000 	/usr/lib/libcsfde.dylib
0x00007fff2e676000 	/System/Library/PrivateFrameworks/ProtectedCloudStorage.framework/Versions/A/ProtectedCloudStorage
0x00007fff33206000 	/System/Library/PrivateFrameworks/EFILogin.framework/Versions/A/EFILogin
0x00007fff337fb000 	/System/Library/Frameworks/AudioUnit.framework/Versions/A/AudioUnit
0x00007fff30cf4000 	/System/Library/Frameworks/CoreBluetooth.framework/Versions/A/CoreBluetooth
0x00007fff2b21a000 	/usr/lib/libMatch.1.dylib
0x00000001331a4000 	/usr/lib/libobjc-trampolines.dylib
0x00007fff41bb9000 	/System/Library/Frameworks/Accelerate.framework/Versions/A/Frameworks/vImage.framework/Versions/A/Libraries/libCGInterfaces.dylib
0x00007fff2729f000 	/System/Library/PrivateFrameworks/ViewBridge.framework/Versions/A/ViewBridge
0x0000000137ef9000 	/Users/matt/.openjfx/cache/17-ea/libjavafx_font.dylib
0x000000013802c000 	/Users/matt/Library/Java/JavaVirtualMachines/openjdk-16.0.1/Contents/Home/lib/libawt.dylib
0x00000001380e2000 	/Users/matt/Library/Java/JavaVirtualMachines/openjdk-16.0.1/Contents/Home/lib/libmlib_image.dylib
0x00007fff6f9a8000 	/System/Library/Frameworks/JavaNativeFoundation.framework/Versions/A/JavaNativeFoundation
0x00007fff6f9b4000 	/System/Library/Frameworks/JavaRuntimeSupport.framework/Versions/A/JavaRuntimeSupport
0x00007fff3d3bb000 	/System/Library/Frameworks/Carbon.framework/Versions/A/Carbon
0x00007fff366b5000 	/System/Library/Frameworks/Carbon.framework/Versions/A/Frameworks/CommonPanels.framework/Versions/A/CommonPanels
0x00007fff33202000 	/System/Library/Frameworks/Carbon.framework/Versions/A/Frameworks/Help.framework/Versions/A/Help
0x00007fff366b9000 	/System/Library/Frameworks/Carbon.framework/Versions/A/Frameworks/ImageCapture.framework/Versions/A/ImageCapture
0x00007fff36691000 	/System/Library/Frameworks/Carbon.framework/Versions/A/Frameworks/OpenScripting.framework/Versions/A/OpenScripting
0x00007fff366b1000 	/System/Library/Frameworks/Carbon.framework/Versions/A/Frameworks/Ink.framework/Versions/A/Ink
0x00007fff3d3b7000 	/System/Library/Frameworks/Carbon.framework/Versions/A/Frameworks/Print.framework/Versions/A/Print
0x00007fff366ad000 	/System/Library/Frameworks/Carbon.framework/Versions/A/Frameworks/SecurityHI.framework/Versions/A/SecurityHI
0x000000013817c000 	/Users/matt/Library/Java/JavaVirtualMachines/openjdk-16.0.1/Contents/Home/lib/libawt_lwawt.dylib
0x000000013822c000 	/Users/matt/Library/Java/JavaVirtualMachines/openjdk-16.0.1/Contents/Home/lib/libosxapp.dylib
0x00007fff3c77b000 	/System/Library/Frameworks/ExceptionHandling.framework/Versions/A/ExceptionHandling
0x0000000138253000 	/Users/matt/Library/Java/JavaVirtualMachines/openjdk-16.0.1/Contents/Home/lib/libfontmanager.dylib
0x0000000138265000 	/Users/matt/Library/Java/JavaVirtualMachines/openjdk-16.0.1/Contents/Home/lib/libharfbuzz.dylib
0x00000001383ed000 	/Users/matt/Library/Java/JavaVirtualMachines/openjdk-16.0.1/Contents/Home/lib/libfreetype.dylib


VM Arguments:
jvm_args: -Dfile.encoding=UTF-8 -Duser.country=US -Duser.language=en -Duser.variant -ea 
java_command: matt.v1.V1MainKt
java_class_path (initial): /Users/matt/Desktop/registered/todo/kcomp/KJ/v1/build/classes/java/main:/Users/matt/Desktop/registered/todo/kcomp/KJ/v1/build/classes/kotlin/main:/Users/matt/Desktop/registered/todo/kcomp/KJ/v1/build/resources/main:/Users/matt/Desktop/registered/todo/kcomp/KJ/gui/build/libs/gui.jar:/Users/matt/Desktop/registered/todo/kcomp/KJ/hurricanefx/build/libs/hurricanefx.jar:/Users/matt/Desktop/registered/todo/kcomp/KJ/exec/build/libs/exec.jar:/Users/matt/Desktop/registered/todo/kcomp/KJ/auto/build/libs/auto.jar:/Users/matt/Desktop/registered/todo/kcomp/KJ/json/build/libs/json.jar:/Users/matt/Desktop/registered/todo/kcomp/KJ/hurricanefx/eye/build/libs/eye.jar:/Users/matt/Desktop/registered/todo/kcomp/KJ/kjlib/build/libs/kjlib.jar:/Users/matt/Desktop/registered/todo/kcomp/KJ/klibexport/build/libs/klibexport.jar:/Users/matt/Desktop/registered/todo/kcomp/KJ/reflect/build/libs/reflect.jar:/Users/matt/Desktop/registered/todo/kcomp/klib/build/libs/klib-jvm.jar:/Users/matt/.gradle/caches/modules-2/files-2.1/org.jetbrains.kotlin/kotlin-stdlib-jdk8/1.5.0/65fbc439df2e4aad1f3769762d54534f1b564090/kotlin-stdlib-jdk8-1.5.0.jar:/Users/matt/.gradle/caches/modules-2/files-2.1/org.jetbrains.kotlin/kotlin-stdlib-jdk7/1.5.0/f61904618ea7be07a66e0545ffe8dc2c70a19b77/kotlin-stdlib-jdk7-1.5.0.jar:/Users/matt/.gradle/caches/modules-2/files-2.1/org.jetbrains.kotlin/kotlin-reflect/1.5.0/47806fe8ed30dbdf9e697eda5e9c9a3905ff3363/kotlin-reflect-1.5.0.jar:/Users/matt/.gradle/caches/modules-2/files-2.1/org.jetbrains.kotlin/kotlin-stdlib/1.5.0/29dae2501ca094416d15af0e21470cb634780444/kotlin-stdlib-1.5.0.jar:/Users/matt/.gradle/caches/modules-2/files-2.1/org.jetbrains/annotations/13.0/919f0dfe192fb4e063e7dacadee7f8bb9a2672a9/annotations-13.0.jar:/Users/matt/.gradle/caches/modules-2/files-2.1/org.jetbrains.kotlin/kotlin-stdlib-common/1.5.0/4080d69efca5e39e9b4972f125e40f1607bd6460/kotlin-stdlib-common-1.5.0.jar:/Users/matt/.gradle/caches/modules-2/files-2.1/org.openjfx/javafx-web/17
Launcher Type: SUN_STANDARD

[Global flags]
     intx CICompilerCount                          = 3                                         {product} {ergonomic}
     uint ConcGCThreads                            = 1                                         {product} {ergonomic}
     uint G1ConcRefinementThreads                  = 4                                         {product} {ergonomic}
   size_t G1HeapRegionSize                         = 1048576                                   {product} {ergonomic}
    uintx GCDrainStackTargetSize                   = 64                                        {product} {ergonomic}
   size_t InitialHeapSize                          = 134217728                                 {product} {ergonomic}
   size_t MarkStackSize                            = 4194304                                   {product} {ergonomic}
   size_t MaxHeapSize                              = 2147483648                                {product} {ergonomic}
   size_t MaxNewSize                               = 1287651328                                {product} {ergonomic}
   size_t MinHeapDeltaBytes                        = 1048576                                   {product} {ergonomic}
   size_t MinHeapSize                              = 8388608                                   {product} {ergonomic}
    uintx NonNMethodCodeHeapSize                   = 5832780                                {pd product} {ergonomic}
    uintx NonProfiledCodeHeapSize                  = 122912730                              {pd product} {ergonomic}
    uintx ProfiledCodeHeapSize                     = 122912730                              {pd product} {ergonomic}
    uintx ReservedCodeCacheSize                    = 251658240                              {pd product} {ergonomic}
     bool SegmentedCodeCache                       = true                                      {product} {ergonomic}
   size_t SoftMaxHeapSize                          = 2147483648                             {manageable} {ergonomic}
     bool UseCompressedClassPointers               = true                           {product lp64_product} {ergonomic}
     bool UseCompressedOops                        = true                           {product lp64_product} {ergonomic}
     bool UseG1GC                                  = true                                      {product} {ergonomic}
     bool UseNUMA                                  = false                                     {product} {ergonomic}
     bool UseNUMAInterleaving                      = false                                     {product} {ergonomic}

Logging:
Log output configuration:
 #0: stdout all=warning uptime,level,tags
 #1: stderr all=off uptime,level,tags

Environment Variables:
JAVA_HOME=/Users/matt/Library/Java/JavaVirtualMachines/openjdk-16.0.1/Contents/Home
PATH=/Users/Matt/.rvm/gems/ruby-2.4.0/bin:/Users/Matt/.rvm/gems/ruby-2.4.0@global/bin:/Users/Matt/.rvm/rubies/ruby-2.4.0/bin:/Users/matt/miniconda3/bin:/Users/matt/miniconda3/condabin:/Users/matt/google-cloud-sdk/bin:/usr/local/sbin:/usr/local/opt/icu4c/sbin:/usr/local/opt/icu4c/bin:/Users/matt/.sdkman/candidates/maven/current/bin:/Users/matt/.sdkman/candidates/kscript/current/bin:/Users/matt/.sdkman/candidates/kotlin/current/bin:/usr/local/opt/gettext/bin:/usr/local/opt/inetutils/libexec/gnubin:/opt/local/bin:/opt/local/sbin:/Library/Frameworks/Python.framework/Versions/3.7/bin:/usr/local/bin:/usr/local/sbin:/usr/bin:/bin:/usr/sbin:/sbin:/Library/TeX/texbin:/opt/X11/bin:/Applications/Muse:/Users/matt/go/bin:/Users/matt/.rvm/bin
SHELL=/bin/zsh
DISPLAY=/private/tmp/com.apple.launchd.odRYQ9vFsE/org.macosforge.xquartz:0
LC_CTYPE=UTF-8
DYLD_FALLBACK_LIBRARY_PATH=:/Applications/Muse

Signal Handlers:
SIGSEGV: [libjvm.dylib+0xa7da90], sa_mask[0]=11100110000111110111111111111111, sa_flags=SA_ONSTACK|SA_RESTART|SA_SIGINFO
SIGBUS: [libjvm.dylib+0xa7da90], sa_mask[0]=11100110000111110111111111111111, sa_flags=SA_RESTART|SA_SIGINFO
SIGFPE: [libjvm.dylib+0xa7da90], sa_mask[0]=11100110000111110111111111111111, sa_flags=SA_RESTART|SA_SIGINFO
SIGPIPE: [libjvm.dylib+0x947540], sa_mask[0]=11100110000111110111111111111111, sa_flags=SA_RESTART|SA_SIGINFO
SIGXFSZ: [libjvm.dylib+0x947540], sa_mask[0]=11100110000111110111111111111111, sa_flags=SA_RESTART|SA_SIGINFO
SIGILL: [libjvm.dylib+0xa7da90], sa_mask[0]=11100110000111110111111111111111, sa_flags=SA_RESTART|SA_SIGINFO
SIGUSR2: [libjvm.dylib+0x947ff0], sa_mask[0]=00100000000000000000000000000000, sa_flags=SA_RESTART|SA_SIGINFO
SIGHUP: [libjvm.dylib+0x9465b0], sa_mask[0]=11100110000111110111111111111111, sa_flags=SA_RESTART|SA_SIGINFO
SIGINT: [libjvm.dylib+0x9465b0], sa_mask[0]=11100110000111110111111111111111, sa_flags=SA_RESTART|SA_SIGINFO
SIGTERM: [libjvm.dylib+0x9465b0], sa_mask[0]=11100110000111110111111111111111, sa_flags=SA_RESTART|SA_SIGINFO
SIGQUIT: [libjvm.dylib+0x9465b0], sa_mask[0]=11100110000111110111111111111111, sa_flags=SA_RESTART|SA_SIGINFO
SIGTRAP: [libjvm.dylib+0xa7da90], sa_mask[0]=11100110000111110111111111111111, sa_flags=SA_RESTART|SA_SIGINFO


---------------  S Y S T E M  ---------------

OS:uname: Darwin 20.3.0 Darwin Kernel Version 20.3.0: Thu Jan 21 00:07:06 PST 2021; root:xnu-7195.81.3~1/RELEASE_X86_64 x86_64
OS uptime: 0 days 0:08 hours
rlimit (soft/hard): STACK 8192k/65532k , CORE 0k/infinity , NPROC 1392/2088 , NOFILE 10240/infinity , AS infinity/infinity , CPU infinity/infinity , DATA infinity/infinity , FSIZE infinity/infinity , MEMLOCK infinity/infinity , RSS infinity/infinity
load average: 6.88 36.63 28.01

CPU: total 4 (initial active 4) (2 cores per cpu, 2 threads per core) family 6 model 69 stepping 1 microcode 0x26, cx8, cmov, fxsr, ht, mmx, sse, sse2, sse3, ssse3, sse4.1, sse4.2, popcnt, lzcnt, tsc, tscinvbit, avx, avx2, aes, erms, clmul, bmi1, bmi2, fma, vzeroupper, clflush

Memory: 4k page, physical 8388608k(16004k free), swap 1048576k(861440k free)

vm_info: OpenJDK 64-Bit Server VM (16.0.1+9-24) for bsd-amd64 JRE (16.0.1+9-24), built on Mar 26 2021 18:17:32 by "mach5one" with clang 4.2.1 Compatible Apple LLVM 11.0.0 (clang-1100.0.33.17)

END.
